{"C:\\Users\\cesar\\OneDrive\\Documentos\\Projetos\\dna\\nestjs\\src\\app.module.ts": {"path":"C:\\Users\\cesar\\OneDrive\\Documentos\\Projetos\\dna\\nestjs\\src\\app.module.ts","statementMap":{"0":{"start":{"line":1,"column":0},"end":{"line":1,"column":40}},"1":{"start":{"line":2,"column":0},"end":{"line":2,"column":54}},"2":{"start":{"line":3,"column":0},"end":{"line":3,"column":45}},"3":{"start":{"line":4,"column":0},"end":{"line":4,"column":47}},"4":{"start":{"line":5,"column":0},"end":{"line":5,"column":81}},"5":{"start":{"line":16,"column":0},"end":{"line":16,"column":null}},"6":{"start":{"line":16,"column":13},"end":{"line":16,"column":null}},"7":{"start":{"line":16,"column":13},"end":{"line":16,"column":22}}},"fnMap":{},"branchMap":{},"s":{"0":0,"1":0,"2":0,"3":0,"4":0,"5":0,"6":0,"7":0},"f":{},"b":{}}
,"C:\\Users\\cesar\\OneDrive\\Documentos\\Projetos\\dna\\nestjs\\src\\main.ts": {"path":"C:\\Users\\cesar\\OneDrive\\Documentos\\Projetos\\dna\\nestjs\\src\\main.ts","statementMap":{"0":{"start":{"line":1,"column":0},"end":{"line":1,"column":43}},"1":{"start":{"line":2,"column":0},"end":{"line":2,"column":51}},"2":{"start":{"line":3,"column":0},"end":{"line":3,"column":41}},"3":{"start":{"line":4,"column":0},"end":{"line":4,"column":80}},"4":{"start":{"line":7,"column":14},"end":{"line":7,"column":61}},"5":{"start":{"line":12,"column":2},"end":{"line":12,"column":60}},"6":{"start":{"line":14,"column":2},"end":{"line":14,"column":45}},"7":{"start":{"line":17,"column":0},"end":{"line":17,"column":12}}},"fnMap":{"0":{"name":"bootstrap","decl":{"start":{"line":6,"column":15},"end":{"line":6,"column":24}},"loc":{"start":{"line":6,"column":24},"end":{"line":15,"column":1}}}},"branchMap":{"0":{"loc":{"start":{"line":14,"column":19},"end":{"line":14,"column":43}},"type":"binary-expr","locations":[{"start":{"line":14,"column":19},"end":{"line":14,"column":35}},{"start":{"line":14,"column":39},"end":{"line":14,"column":43}}]}},"s":{"0":0,"1":0,"2":0,"3":0,"4":0,"5":0,"6":0,"7":0},"f":{"0":0},"b":{"0":[0,0]}}
,"C:\\Users\\cesar\\OneDrive\\Documentos\\Projetos\\dna\\nestjs\\src\\cat\\cat.controller.ts": {"path":"C:\\Users\\cesar\\OneDrive\\Documentos\\Projetos\\dna\\nestjs\\src\\cat\\cat.controller.ts","statementMap":{"0":{"start":{"line":1,"column":0},"end":{"line":1,"column":49}},"1":{"start":{"line":2,"column":0},"end":{"line":2,"column":72}},"2":{"start":{"line":3,"column":0},"end":{"line":3,"column":43}},"3":{"start":{"line":6,"column":0},"end":{"line":13,"column":null}},"4":{"start":{"line":7,"column":22},"end":{"line":7,"column":34}},"5":{"start":{"line":11,"column":4},"end":{"line":11,"column":48}},"6":{"start":{"line":10,"column":2},"end":{"line":12,"column":null}},"7":{"start":{"line":6,"column":13},"end":{"line":13,"column":null}},"8":{"start":{"line":6,"column":13},"end":{"line":6,"column":26}}},"fnMap":{"0":{"name":"(anonymous_4)","decl":{"start":{"line":7,"column":2},"end":{"line":7,"column":22}},"loc":{"start":{"line":7,"column":44},"end":{"line":7,"column":49}}},"1":{"name":"(anonymous_5)","decl":{"start":{"line":10,"column":2},"end":{"line":10,"column":7}},"loc":{"start":{"line":10,"column":50},"end":{"line":12,"column":3}}}},"branchMap":{},"s":{"0":2,"1":2,"2":2,"3":2,"4":2,"5":2,"6":2,"7":2,"8":2},"f":{"0":2,"1":2},"b":{}}
,"C:\\Users\\cesar\\OneDrive\\Documentos\\Projetos\\dna\\nestjs\\src\\cat\\cat.mock.ts": {"path":"C:\\Users\\cesar\\OneDrive\\Documentos\\Projetos\\dna\\nestjs\\src\\cat\\cat.mock.ts","statementMap":{"0":{"start":{"line":1,"column":0},"end":{"line":1,"column":54}},"1":{"start":{"line":13,"column":59},"end":{"line":21,"column":1}},"2":{"start":{"line":14,"column":2},"end":{"line":20,"column":4}},"3":{"start":{"line":13,"column":13},"end":{"line":13,"column":59}},"4":{"start":{"line":24,"column":2},"end":{"line":24,"column":58}}},"fnMap":{"0":{"name":"(anonymous_0)","decl":{"start":{"line":13,"column":59},"end":{"line":13,"column":64}},"loc":{"start":{"line":13,"column":70},"end":{"line":21,"column":1}}},"1":{"name":"getFakeCat","decl":{"start":{"line":23,"column":9},"end":{"line":23,"column":19}},"loc":{"start":{"line":23,"column":19},"end":{"line":25,"column":1}}}},"branchMap":{},"s":{"0":1,"1":1,"2":1,"3":1,"4":1},"f":{"0":1,"1":1},"b":{}}
,"C:\\Users\\cesar\\OneDrive\\Documentos\\Projetos\\dna\\nestjs\\src\\cat\\cat.module.ts": {"path":"C:\\Users\\cesar\\OneDrive\\Documentos\\Projetos\\dna\\nestjs\\src\\cat\\cat.module.ts","statementMap":{"0":{"start":{"line":1,"column":0},"end":{"line":1,"column":40}},"1":{"start":{"line":2,"column":0},"end":{"line":2,"column":53}},"2":{"start":{"line":3,"column":0},"end":{"line":3,"column":49}},"3":{"start":{"line":4,"column":0},"end":{"line":4,"column":43}},"4":{"start":{"line":5,"column":0},"end":{"line":5,"column":49}},"5":{"start":{"line":12,"column":0},"end":{"line":12,"column":null}},"6":{"start":{"line":12,"column":13},"end":{"line":12,"column":null}},"7":{"start":{"line":12,"column":13},"end":{"line":12,"column":22}}},"fnMap":{},"branchMap":{},"s":{"0":2,"1":2,"2":2,"3":2,"4":2,"5":2,"6":2,"7":2},"f":{},"b":{}}
,"C:\\Users\\cesar\\OneDrive\\Documentos\\Projetos\\dna\\nestjs\\src\\cat\\cat.repository.ts": {"path":"C:\\Users\\cesar\\OneDrive\\Documentos\\Projetos\\dna\\nestjs\\src\\cat\\cat.repository.ts","statementMap":{"0":{"start":{"line":1,"column":0},"end":{"line":1,"column":44}},"1":{"start":{"line":2,"column":0},"end":{"line":2,"column":68}},"2":{"start":{"line":5,"column":0},"end":{"line":11,"column":null}},"3":{"start":{"line":6,"column":22},"end":{"line":6,"column":39}},"4":{"start":{"line":9,"column":4},"end":{"line":9,"column":83}},"5":{"start":{"line":5,"column":13},"end":{"line":11,"column":null}},"6":{"start":{"line":5,"column":13},"end":{"line":5,"column":26}}},"fnMap":{"0":{"name":"(anonymous_2)","decl":{"start":{"line":6,"column":2},"end":{"line":6,"column":22}},"loc":{"start":{"line":6,"column":54},"end":{"line":6,"column":59}}},"1":{"name":"(anonymous_3)","decl":{"start":{"line":8,"column":2},"end":{"line":8,"column":7}},"loc":{"start":{"line":8,"column":35},"end":{"line":10,"column":3}}}},"branchMap":{},"s":{"0":2,"1":2,"2":2,"3":2,"4":2,"5":2,"6":2},"f":{"0":2,"1":2},"b":{}}
,"C:\\Users\\cesar\\OneDrive\\Documentos\\Projetos\\dna\\nestjs\\src\\cat\\cat.service.ts": {"path":"C:\\Users\\cesar\\OneDrive\\Documentos\\Projetos\\dna\\nestjs\\src\\cat\\cat.service.ts","statementMap":{"0":{"start":{"line":1,"column":0},"end":{"line":1,"column":44}},"1":{"start":{"line":2,"column":0},"end":{"line":2,"column":49}},"2":{"start":{"line":5,"column":0},"end":{"line":11,"column":null}},"3":{"start":{"line":6,"column":22},"end":{"line":6,"column":37}},"4":{"start":{"line":9,"column":4},"end":{"line":9,"column":51}},"5":{"start":{"line":5,"column":13},"end":{"line":11,"column":null}},"6":{"start":{"line":5,"column":13},"end":{"line":5,"column":23}}},"fnMap":{"0":{"name":"(anonymous_2)","decl":{"start":{"line":6,"column":2},"end":{"line":6,"column":22}},"loc":{"start":{"line":6,"column":50},"end":{"line":6,"column":55}}},"1":{"name":"(anonymous_3)","decl":{"start":{"line":8,"column":2},"end":{"line":8,"column":7}},"loc":{"start":{"line":8,"column":35},"end":{"line":10,"column":3}}}},"branchMap":{},"s":{"0":2,"1":2,"2":2,"3":2,"4":2,"5":2,"6":2},"f":{"0":2,"1":2},"b":{}}
,"C:\\Users\\cesar\\OneDrive\\Documentos\\Projetos\\dna\\nestjs\\src\\system\\system.module.ts": {"path":"C:\\Users\\cesar\\OneDrive\\Documentos\\Projetos\\dna\\nestjs\\src\\system\\system.module.ts","statementMap":{"0":{"start":{"line":1,"column":0},"end":{"line":1,"column":40}},"1":{"start":{"line":2,"column":0},"end":{"line":2,"column":62}},"2":{"start":{"line":8,"column":0},"end":{"line":8,"column":null}},"3":{"start":{"line":8,"column":13},"end":{"line":8,"column":null}},"4":{"start":{"line":8,"column":13},"end":{"line":8,"column":25}}},"fnMap":{},"branchMap":{},"s":{"0":2,"1":2,"2":2,"3":2,"4":2},"f":{},"b":{}}
,"C:\\Users\\cesar\\OneDrive\\Documentos\\Projetos\\dna\\nestjs\\src\\system\\decorators\\access-token.decorator.ts": {"path":"C:\\Users\\cesar\\OneDrive\\Documentos\\Projetos\\dna\\nestjs\\src\\system\\decorators\\access-token.decorator.ts","statementMap":{"0":{"start":{"line":1,"column":0},"end":{"line":1,"column":72}},"1":{"start":{"line":2,"column":0},"end":{"line":2,"column":42}},"2":{"start":{"line":4,"column":13},"end":{"line":10,"column":2}},"3":{"start":{"line":6,"column":20},"end":{"line":6,"column":51}},"4":{"start":{"line":8,"column":4},"end":{"line":8,"column":61}}},"fnMap":{"0":{"name":"(anonymous_0)","decl":{"start":{"line":5,"column":2},"end":{"line":5,"column":3}},"loc":{"start":{"line":5,"column":43},"end":{"line":9,"column":3}}}},"branchMap":{},"s":{"0":2,"1":2,"2":2,"3":0,"4":0},"f":{"0":0},"b":{}}
,"C:\\Users\\cesar\\OneDrive\\Documentos\\Projetos\\dna\\nestjs\\src\\system\\directus\\directus.exception.ts": {"path":"C:\\Users\\cesar\\OneDrive\\Documentos\\Projetos\\dna\\nestjs\\src\\system\\directus\\directus.exception.ts","statementMap":{"0":{"start":{"line":1,"column":0},"end":{"line":1,"column":59}},"1":{"start":{"line":5,"column":4},"end":{"line":5,"column":91}},"2":{"start":{"line":3,"column":0},"end":{"line":3,"column":13}}},"fnMap":{"0":{"name":"(anonymous_0)","decl":{"start":{"line":4,"column":2},"end":{"line":4,"column":null}},"loc":{"start":{"line":4,"column":2},"end":{"line":6,"column":3}}}},"branchMap":{},"s":{"0":2,"1":1,"2":2},"f":{"0":1},"b":{}}
,"C:\\Users\\cesar\\OneDrive\\Documentos\\Projetos\\dna\\nestjs\\src\\system\\directus\\directus.mock.ts": {"path":"C:\\Users\\cesar\\OneDrive\\Documentos\\Projetos\\dna\\nestjs\\src\\system\\directus\\directus.mock.ts","statementMap":{"0":{"start":{"line":4,"column":25},"end":{"line":13,"column":1}},"1":{"start":{"line":5,"column":4},"end":{"line":12,"column":6}},"2":{"start":{"line":4,"column":13},"end":{"line":4,"column":25}},"3":{"start":{"line":15,"column":22},"end":{"line":21,"column":1}},"4":{"start":{"line":16,"column":4},"end":{"line":20,"column":6}},"5":{"start":{"line":15,"column":13},"end":{"line":15,"column":22}},"6":{"start":{"line":23,"column":39},"end":{"line":30,"column":1}},"7":{"start":{"line":24,"column":4},"end":{"line":29,"column":6}},"8":{"start":{"line":23,"column":13},"end":{"line":23,"column":39}},"9":{"start":{"line":32,"column":20},"end":{"line":43,"column":1}},"10":{"start":{"line":33,"column":4},"end":{"line":42,"column":6}},"11":{"start":{"line":32,"column":13},"end":{"line":32,"column":20}},"12":{"start":{"line":45,"column":30},"end":{"line":57,"column":1}},"13":{"start":{"line":46,"column":4},"end":{"line":56,"column":6}},"14":{"start":{"line":45,"column":13},"end":{"line":45,"column":30}},"15":{"start":{"line":59,"column":36},"end":{"line":63,"column":1}},"16":{"start":{"line":60,"column":4},"end":{"line":62,"column":6}},"17":{"start":{"line":59,"column":13},"end":{"line":59,"column":36}},"18":{"start":{"line":65,"column":26},"end":{"line":78,"column":1}},"19":{"start":{"line":66,"column":4},"end":{"line":77,"column":6}},"20":{"start":{"line":65,"column":13},"end":{"line":65,"column":26}},"21":{"start":{"line":80,"column":31},"end":{"line":91,"column":1}},"22":{"start":{"line":81,"column":4},"end":{"line":90,"column":6}},"23":{"start":{"line":80,"column":13},"end":{"line":80,"column":31}},"24":{"start":{"line":93,"column":41},"end":{"line":119,"column":1}},"25":{"start":{"line":94,"column":4},"end":{"line":118,"column":6}},"26":{"start":{"line":93,"column":13},"end":{"line":93,"column":41}},"27":{"start":{"line":121,"column":43},"end":{"line":127,"column":1}},"28":{"start":{"line":122,"column":4},"end":{"line":126,"column":6}},"29":{"start":{"line":121,"column":13},"end":{"line":121,"column":43}},"30":{"start":{"line":129,"column":41},"end":{"line":141,"column":1}},"31":{"start":{"line":130,"column":4},"end":{"line":140,"column":6}},"32":{"start":{"line":129,"column":13},"end":{"line":129,"column":41}},"33":{"start":{"line":143,"column":41},"end":{"line":169,"column":1}},"34":{"start":{"line":144,"column":4},"end":{"line":168,"column":6}},"35":{"start":{"line":143,"column":13},"end":{"line":143,"column":41}},"36":{"start":{"line":171,"column":36},"end":{"line":182,"column":1}},"37":{"start":{"line":172,"column":4},"end":{"line":181,"column":6}},"38":{"start":{"line":171,"column":13},"end":{"line":171,"column":36}},"39":{"start":{"line":184,"column":48},"end":{"line":195,"column":1}},"40":{"start":{"line":185,"column":4},"end":{"line":194,"column":6}},"41":{"start":{"line":184,"column":13},"end":{"line":184,"column":48}},"42":{"start":{"line":197,"column":34},"end":{"line":208,"column":1}},"43":{"start":{"line":198,"column":4},"end":{"line":207,"column":6}},"44":{"start":{"line":197,"column":13},"end":{"line":197,"column":34}},"45":{"start":{"line":210,"column":39},"end":{"line":221,"column":1}},"46":{"start":{"line":211,"column":4},"end":{"line":220,"column":6}},"47":{"start":{"line":210,"column":13},"end":{"line":210,"column":39}},"48":{"start":{"line":223,"column":27},"end":{"line":227,"column":1}},"49":{"start":{"line":224,"column":4},"end":{"line":226,"column":6}},"50":{"start":{"line":223,"column":13},"end":{"line":223,"column":27}},"51":{"start":{"line":229,"column":26},"end":{"line":233,"column":1}},"52":{"start":{"line":230,"column":4},"end":{"line":232,"column":6}},"53":{"start":{"line":229,"column":13},"end":{"line":229,"column":26}},"54":{"start":{"line":235,"column":30},"end":{"line":261,"column":1}},"55":{"start":{"line":236,"column":4},"end":{"line":260,"column":6}},"56":{"start":{"line":235,"column":13},"end":{"line":235,"column":30}},"57":{"start":{"line":263,"column":36},"end":{"line":291,"column":1}},"58":{"start":{"line":264,"column":4},"end":{"line":290,"column":6}},"59":{"start":{"line":263,"column":13},"end":{"line":263,"column":36}},"60":{"start":{"line":293,"column":32},"end":{"line":299,"column":1}},"61":{"start":{"line":294,"column":4},"end":{"line":298,"column":6}},"62":{"start":{"line":293,"column":13},"end":{"line":293,"column":32}},"63":{"start":{"line":301,"column":38},"end":{"line":309,"column":1}},"64":{"start":{"line":302,"column":4},"end":{"line":308,"column":6}},"65":{"start":{"line":301,"column":13},"end":{"line":301,"column":38}},"66":{"start":{"line":311,"column":30},"end":{"line":323,"column":1}},"67":{"start":{"line":312,"column":4},"end":{"line":322,"column":6}},"68":{"start":{"line":311,"column":13},"end":{"line":311,"column":30}},"69":{"start":{"line":325,"column":36},"end":{"line":339,"column":1}},"70":{"start":{"line":326,"column":4},"end":{"line":338,"column":6}},"71":{"start":{"line":325,"column":13},"end":{"line":325,"column":36}},"72":{"start":{"line":341,"column":30},"end":{"line":367,"column":1}},"73":{"start":{"line":342,"column":4},"end":{"line":366,"column":6}},"74":{"start":{"line":341,"column":13},"end":{"line":341,"column":30}},"75":{"start":{"line":369,"column":36},"end":{"line":397,"column":1}},"76":{"start":{"line":370,"column":4},"end":{"line":396,"column":6}},"77":{"start":{"line":369,"column":13},"end":{"line":369,"column":36}},"78":{"start":{"line":399,"column":38},"end":{"line":412,"column":1}},"79":{"start":{"line":400,"column":4},"end":{"line":411,"column":6}},"80":{"start":{"line":399,"column":13},"end":{"line":399,"column":38}},"81":{"start":{"line":414,"column":38},"end":{"line":431,"column":1}},"82":{"start":{"line":415,"column":4},"end":{"line":430,"column":6}},"83":{"start":{"line":414,"column":13},"end":{"line":414,"column":38}},"84":{"start":{"line":433,"column":32},"end":{"line":444,"column":1}},"85":{"start":{"line":434,"column":4},"end":{"line":443,"column":6}},"86":{"start":{"line":433,"column":13},"end":{"line":433,"column":32}},"87":{"start":{"line":446,"column":42},"end":{"line":472,"column":1}},"88":{"start":{"line":447,"column":4},"end":{"line":471,"column":6}},"89":{"start":{"line":446,"column":13},"end":{"line":446,"column":42}},"90":{"start":{"line":474,"column":44},"end":{"line":480,"column":1}},"91":{"start":{"line":475,"column":4},"end":{"line":479,"column":6}},"92":{"start":{"line":474,"column":13},"end":{"line":474,"column":44}},"93":{"start":{"line":482,"column":42},"end":{"line":494,"column":1}},"94":{"start":{"line":483,"column":4},"end":{"line":493,"column":6}},"95":{"start":{"line":482,"column":13},"end":{"line":482,"column":42}},"96":{"start":{"line":496,"column":42},"end":{"line":522,"column":1}},"97":{"start":{"line":497,"column":4},"end":{"line":521,"column":6}},"98":{"start":{"line":496,"column":13},"end":{"line":496,"column":42}}},"fnMap":{"0":{"name":"(anonymous_0)","decl":{"start":{"line":4,"column":25},"end":{"line":4,"column":26}},"loc":{"start":{"line":4,"column":69},"end":{"line":13,"column":1}}},"1":{"name":"(anonymous_1)","decl":{"start":{"line":15,"column":22},"end":{"line":15,"column":23}},"loc":{"start":{"line":15,"column":60},"end":{"line":21,"column":1}}},"2":{"name":"(anonymous_2)","decl":{"start":{"line":23,"column":39},"end":{"line":23,"column":40}},"loc":{"start":{"line":23,"column":111},"end":{"line":30,"column":1}}},"3":{"name":"(anonymous_3)","decl":{"start":{"line":32,"column":20},"end":{"line":32,"column":21}},"loc":{"start":{"line":32,"column":54},"end":{"line":43,"column":1}}},"4":{"name":"(anonymous_4)","decl":{"start":{"line":45,"column":30},"end":{"line":45,"column":31}},"loc":{"start":{"line":45,"column":84},"end":{"line":57,"column":1}}},"5":{"name":"(anonymous_5)","decl":{"start":{"line":59,"column":36},"end":{"line":59,"column":37}},"loc":{"start":{"line":59,"column":102},"end":{"line":63,"column":1}}},"6":{"name":"(anonymous_6)","decl":{"start":{"line":65,"column":26},"end":{"line":65,"column":27}},"loc":{"start":{"line":65,"column":72},"end":{"line":78,"column":1}}},"7":{"name":"(anonymous_7)","decl":{"start":{"line":80,"column":31},"end":{"line":80,"column":32}},"loc":{"start":{"line":80,"column":87},"end":{"line":91,"column":1}}},"8":{"name":"(anonymous_8)","decl":{"start":{"line":93,"column":41},"end":{"line":93,"column":42}},"loc":{"start":{"line":93,"column":117},"end":{"line":119,"column":1}}},"9":{"name":"(anonymous_9)","decl":{"start":{"line":121,"column":43},"end":{"line":121,"column":44}},"loc":{"start":{"line":121,"column":123},"end":{"line":127,"column":1}}},"10":{"name":"(anonymous_10)","decl":{"start":{"line":129,"column":41},"end":{"line":129,"column":42}},"loc":{"start":{"line":129,"column":117},"end":{"line":141,"column":1}}},"11":{"name":"(anonymous_11)","decl":{"start":{"line":143,"column":41},"end":{"line":143,"column":42}},"loc":{"start":{"line":143,"column":117},"end":{"line":169,"column":1}}},"12":{"name":"(anonymous_12)","decl":{"start":{"line":171,"column":36},"end":{"line":171,"column":37}},"loc":{"start":{"line":171,"column":102},"end":{"line":182,"column":1}}},"13":{"name":"(anonymous_13)","decl":{"start":{"line":184,"column":48},"end":{"line":184,"column":49}},"loc":{"start":{"line":184,"column":138},"end":{"line":195,"column":1}}},"14":{"name":"(anonymous_14)","decl":{"start":{"line":197,"column":34},"end":{"line":197,"column":35}},"loc":{"start":{"line":197,"column":96},"end":{"line":208,"column":1}}},"15":{"name":"(anonymous_15)","decl":{"start":{"line":210,"column":39},"end":{"line":210,"column":40}},"loc":{"start":{"line":210,"column":111},"end":{"line":221,"column":1}}},"16":{"name":"(anonymous_16)","decl":{"start":{"line":223,"column":27},"end":{"line":223,"column":28}},"loc":{"start":{"line":223,"column":75},"end":{"line":227,"column":1}}},"17":{"name":"(anonymous_17)","decl":{"start":{"line":229,"column":26},"end":{"line":229,"column":27}},"loc":{"start":{"line":229,"column":72},"end":{"line":233,"column":1}}},"18":{"name":"(anonymous_18)","decl":{"start":{"line":235,"column":30},"end":{"line":235,"column":31}},"loc":{"start":{"line":235,"column":84},"end":{"line":261,"column":1}}},"19":{"name":"(anonymous_19)","decl":{"start":{"line":263,"column":36},"end":{"line":263,"column":37}},"loc":{"start":{"line":263,"column":102},"end":{"line":291,"column":1}}},"20":{"name":"(anonymous_20)","decl":{"start":{"line":293,"column":32},"end":{"line":293,"column":33}},"loc":{"start":{"line":293,"column":90},"end":{"line":299,"column":1}}},"21":{"name":"(anonymous_21)","decl":{"start":{"line":301,"column":38},"end":{"line":301,"column":39}},"loc":{"start":{"line":301,"column":108},"end":{"line":309,"column":1}}},"22":{"name":"(anonymous_22)","decl":{"start":{"line":311,"column":30},"end":{"line":311,"column":31}},"loc":{"start":{"line":311,"column":84},"end":{"line":323,"column":1}}},"23":{"name":"(anonymous_23)","decl":{"start":{"line":325,"column":36},"end":{"line":325,"column":37}},"loc":{"start":{"line":325,"column":102},"end":{"line":339,"column":1}}},"24":{"name":"(anonymous_24)","decl":{"start":{"line":341,"column":30},"end":{"line":341,"column":31}},"loc":{"start":{"line":341,"column":84},"end":{"line":367,"column":1}}},"25":{"name":"(anonymous_25)","decl":{"start":{"line":369,"column":36},"end":{"line":369,"column":37}},"loc":{"start":{"line":369,"column":102},"end":{"line":397,"column":1}}},"26":{"name":"(anonymous_26)","decl":{"start":{"line":399,"column":38},"end":{"line":399,"column":39}},"loc":{"start":{"line":399,"column":108},"end":{"line":412,"column":1}}},"27":{"name":"(anonymous_27)","decl":{"start":{"line":414,"column":38},"end":{"line":414,"column":39}},"loc":{"start":{"line":414,"column":108},"end":{"line":431,"column":1}}},"28":{"name":"(anonymous_28)","decl":{"start":{"line":433,"column":32},"end":{"line":433,"column":33}},"loc":{"start":{"line":433,"column":88},"end":{"line":444,"column":1}}},"29":{"name":"(anonymous_29)","decl":{"start":{"line":446,"column":42},"end":{"line":446,"column":43}},"loc":{"start":{"line":446,"column":118},"end":{"line":472,"column":1}}},"30":{"name":"(anonymous_30)","decl":{"start":{"line":474,"column":44},"end":{"line":474,"column":45}},"loc":{"start":{"line":474,"column":124},"end":{"line":480,"column":1}}},"31":{"name":"(anonymous_31)","decl":{"start":{"line":482,"column":42},"end":{"line":482,"column":43}},"loc":{"start":{"line":482,"column":118},"end":{"line":494,"column":1}}},"32":{"name":"(anonymous_32)","decl":{"start":{"line":496,"column":42},"end":{"line":496,"column":43}},"loc":{"start":{"line":496,"column":118},"end":{"line":522,"column":1}}}},"branchMap":{"0":{"loc":{"start":{"line":6,"column":26},"end":{"line":6,"column":124}},"type":"cond-expr","locations":[{"start":{"line":6,"column":86},"end":{"line":6,"column":113}},{"start":{"line":6,"column":116},"end":{"line":6,"column":124}}]},"1":{"loc":{"start":{"line":6,"column":26},"end":{"line":6,"column":83}},"type":"binary-expr","locations":[{"start":{"line":6,"column":26},"end":{"line":6,"column":35}},{"start":{"line":6,"column":39},"end":{"line":6,"column":83}}]},"2":{"loc":{"start":{"line":7,"column":25},"end":{"line":7,"column":119}},"type":"cond-expr","locations":[{"start":{"line":7,"column":84},"end":{"line":7,"column":110}},{"start":{"line":7,"column":113},"end":{"line":7,"column":119}}]},"3":{"loc":{"start":{"line":7,"column":25},"end":{"line":7,"column":81}},"type":"binary-expr","locations":[{"start":{"line":7,"column":25},"end":{"line":7,"column":34}},{"start":{"line":7,"column":38},"end":{"line":7,"column":81}}]},"4":{"loc":{"start":{"line":8,"column":26},"end":{"line":8,"column":124}},"type":"cond-expr","locations":[{"start":{"line":8,"column":86},"end":{"line":8,"column":113}},{"start":{"line":8,"column":116},"end":{"line":8,"column":124}}]},"5":{"loc":{"start":{"line":8,"column":26},"end":{"line":8,"column":83}},"type":"binary-expr","locations":[{"start":{"line":8,"column":26},"end":{"line":8,"column":35}},{"start":{"line":8,"column":39},"end":{"line":8,"column":83}}]},"6":{"loc":{"start":{"line":9,"column":25},"end":{"line":9,"column":119}},"type":"cond-expr","locations":[{"start":{"line":9,"column":84},"end":{"line":9,"column":110}},{"start":{"line":9,"column":113},"end":{"line":9,"column":119}}]},"7":{"loc":{"start":{"line":9,"column":25},"end":{"line":9,"column":81}},"type":"binary-expr","locations":[{"start":{"line":9,"column":25},"end":{"line":9,"column":34}},{"start":{"line":9,"column":38},"end":{"line":9,"column":81}}]},"8":{"loc":{"start":{"line":10,"column":26},"end":{"line":10,"column":129}},"type":"cond-expr","locations":[{"start":{"line":10,"column":86},"end":{"line":10,"column":113}},{"start":{"line":10,"column":116},"end":{"line":10,"column":129}}]},"9":{"loc":{"start":{"line":10,"column":26},"end":{"line":10,"column":83}},"type":"binary-expr","locations":[{"start":{"line":10,"column":26},"end":{"line":10,"column":35}},{"start":{"line":10,"column":39},"end":{"line":10,"column":83}}]},"10":{"loc":{"start":{"line":11,"column":25},"end":{"line":11,"column":125}},"type":"cond-expr","locations":[{"start":{"line":11,"column":84},"end":{"line":11,"column":110}},{"start":{"line":11,"column":113},"end":{"line":11,"column":125}}]},"11":{"loc":{"start":{"line":11,"column":25},"end":{"line":11,"column":81}},"type":"binary-expr","locations":[{"start":{"line":11,"column":25},"end":{"line":11,"column":34}},{"start":{"line":11,"column":38},"end":{"line":11,"column":81}}]},"12":{"loc":{"start":{"line":17,"column":13},"end":{"line":17,"column":85}},"type":"cond-expr","locations":[{"start":{"line":17,"column":60},"end":{"line":17,"column":74}},{"start":{"line":17,"column":77},"end":{"line":17,"column":85}}]},"13":{"loc":{"start":{"line":17,"column":13},"end":{"line":17,"column":57}},"type":"binary-expr","locations":[{"start":{"line":17,"column":13},"end":{"line":17,"column":22}},{"start":{"line":17,"column":26},"end":{"line":17,"column":57}}]},"14":{"loc":{"start":{"line":18,"column":19},"end":{"line":18,"column":101}},"type":"cond-expr","locations":[{"start":{"line":18,"column":72},"end":{"line":18,"column":92}},{"start":{"line":18,"column":95},"end":{"line":18,"column":101}}]},"15":{"loc":{"start":{"line":18,"column":19},"end":{"line":18,"column":69}},"type":"binary-expr","locations":[{"start":{"line":18,"column":19},"end":{"line":18,"column":28}},{"start":{"line":18,"column":32},"end":{"line":18,"column":69}}]},"16":{"loc":{"start":{"line":19,"column":24},"end":{"line":19,"column":128}},"type":"cond-expr","locations":[{"start":{"line":19,"column":82},"end":{"line":19,"column":107}},{"start":{"line":19,"column":110},"end":{"line":19,"column":128}}]},"17":{"loc":{"start":{"line":19,"column":24},"end":{"line":19,"column":79}},"type":"binary-expr","locations":[{"start":{"line":19,"column":24},"end":{"line":19,"column":33}},{"start":{"line":19,"column":37},"end":{"line":19,"column":79}}]},"18":{"loc":{"start":{"line":25,"column":13},"end":{"line":25,"column":82}},"type":"cond-expr","locations":[{"start":{"line":25,"column":60},"end":{"line":25,"column":74}},{"start":{"line":25,"column":77},"end":{"line":25,"column":82}}]},"19":{"loc":{"start":{"line":25,"column":13},"end":{"line":25,"column":57}},"type":"binary-expr","locations":[{"start":{"line":25,"column":13},"end":{"line":25,"column":22}},{"start":{"line":25,"column":26},"end":{"line":25,"column":57}}]},"20":{"loc":{"start":{"line":26,"column":14},"end":{"line":26,"column":85}},"type":"cond-expr","locations":[{"start":{"line":26,"column":62},"end":{"line":26,"column":77}},{"start":{"line":26,"column":80},"end":{"line":26,"column":85}}]},"21":{"loc":{"start":{"line":26,"column":14},"end":{"line":26,"column":59}},"type":"binary-expr","locations":[{"start":{"line":26,"column":14},"end":{"line":26,"column":23}},{"start":{"line":26,"column":27},"end":{"line":26,"column":59}}]},"22":{"loc":{"start":{"line":27,"column":15},"end":{"line":27,"column":87}},"type":"cond-expr","locations":[{"start":{"line":27,"column":64},"end":{"line":27,"column":80}},{"start":{"line":27,"column":83},"end":{"line":27,"column":87}}]},"23":{"loc":{"start":{"line":27,"column":15},"end":{"line":27,"column":61}},"type":"binary-expr","locations":[{"start":{"line":27,"column":15},"end":{"line":27,"column":24}},{"start":{"line":27,"column":28},"end":{"line":27,"column":61}}]},"24":{"loc":{"start":{"line":28,"column":16},"end":{"line":28,"column":91}},"type":"cond-expr","locations":[{"start":{"line":28,"column":66},"end":{"line":28,"column":83}},{"start":{"line":28,"column":86},"end":{"line":28,"column":91}}]},"25":{"loc":{"start":{"line":28,"column":16},"end":{"line":28,"column":63}},"type":"binary-expr","locations":[{"start":{"line":28,"column":16},"end":{"line":28,"column":25}},{"start":{"line":28,"column":29},"end":{"line":28,"column":63}}]},"26":{"loc":{"start":{"line":34,"column":12},"end":{"line":34,"column":112}},"type":"cond-expr","locations":[{"start":{"line":34,"column":58},"end":{"line":34,"column":71}},{"start":{"line":34,"column":74},"end":{"line":34,"column":112}}]},"27":{"loc":{"start":{"line":34,"column":12},"end":{"line":34,"column":55}},"type":"binary-expr","locations":[{"start":{"line":34,"column":12},"end":{"line":34,"column":21}},{"start":{"line":34,"column":25},"end":{"line":34,"column":55}}]},"28":{"loc":{"start":{"line":35,"column":22},"end":{"line":35,"column":120}},"type":"cond-expr","locations":[{"start":{"line":35,"column":78},"end":{"line":35,"column":101}},{"start":{"line":35,"column":104},"end":{"line":35,"column":120}}]},"29":{"loc":{"start":{"line":35,"column":22},"end":{"line":35,"column":75}},"type":"binary-expr","locations":[{"start":{"line":35,"column":22},"end":{"line":35,"column":31}},{"start":{"line":35,"column":35},"end":{"line":35,"column":75}}]},"30":{"loc":{"start":{"line":36,"column":22},"end":{"line":36,"column":130}},"type":"cond-expr","locations":[{"start":{"line":36,"column":78},"end":{"line":36,"column":101}},{"start":{"line":36,"column":104},"end":{"line":36,"column":130}}]},"31":{"loc":{"start":{"line":36,"column":22},"end":{"line":36,"column":75}},"type":"binary-expr","locations":[{"start":{"line":36,"column":22},"end":{"line":36,"column":31}},{"start":{"line":36,"column":35},"end":{"line":36,"column":75}}]},"32":{"loc":{"start":{"line":37,"column":27},"end":{"line":37,"column":139}},"type":"cond-expr","locations":[{"start":{"line":37,"column":88},"end":{"line":37,"column":116}},{"start":{"line":37,"column":119},"end":{"line":37,"column":139}}]},"33":{"loc":{"start":{"line":37,"column":27},"end":{"line":37,"column":85}},"type":"binary-expr","locations":[{"start":{"line":37,"column":27},"end":{"line":37,"column":36}},{"start":{"line":37,"column":40},"end":{"line":37,"column":85}}]},"34":{"loc":{"start":{"line":38,"column":22},"end":{"line":38,"column":120}},"type":"cond-expr","locations":[{"start":{"line":38,"column":78},"end":{"line":38,"column":101}},{"start":{"line":38,"column":104},"end":{"line":38,"column":120}}]},"35":{"loc":{"start":{"line":38,"column":22},"end":{"line":38,"column":75}},"type":"binary-expr","locations":[{"start":{"line":38,"column":22},"end":{"line":38,"column":31}},{"start":{"line":38,"column":35},"end":{"line":38,"column":75}}]},"36":{"loc":{"start":{"line":39,"column":22},"end":{"line":39,"column":130}},"type":"cond-expr","locations":[{"start":{"line":39,"column":78},"end":{"line":39,"column":101}},{"start":{"line":39,"column":104},"end":{"line":39,"column":130}}]},"37":{"loc":{"start":{"line":39,"column":22},"end":{"line":39,"column":75}},"type":"binary-expr","locations":[{"start":{"line":39,"column":22},"end":{"line":39,"column":31}},{"start":{"line":39,"column":35},"end":{"line":39,"column":75}}]},"38":{"loc":{"start":{"line":40,"column":27},"end":{"line":40,"column":139}},"type":"cond-expr","locations":[{"start":{"line":40,"column":88},"end":{"line":40,"column":116}},{"start":{"line":40,"column":119},"end":{"line":40,"column":139}}]},"39":{"loc":{"start":{"line":40,"column":27},"end":{"line":40,"column":85}},"type":"binary-expr","locations":[{"start":{"line":40,"column":27},"end":{"line":40,"column":36}},{"start":{"line":40,"column":40},"end":{"line":40,"column":85}}]},"40":{"loc":{"start":{"line":41,"column":14},"end":{"line":41,"column":87}},"type":"cond-expr","locations":[{"start":{"line":41,"column":62},"end":{"line":41,"column":77}},{"start":{"line":41,"column":80},"end":{"line":41,"column":87}}]},"41":{"loc":{"start":{"line":41,"column":14},"end":{"line":41,"column":59}},"type":"binary-expr","locations":[{"start":{"line":41,"column":14},"end":{"line":41,"column":23}},{"start":{"line":41,"column":27},"end":{"line":41,"column":59}}]},"42":{"loc":{"start":{"line":47,"column":15},"end":{"line":47,"column":90}},"type":"cond-expr","locations":[{"start":{"line":47,"column":64},"end":{"line":47,"column":80}},{"start":{"line":47,"column":83},"end":{"line":47,"column":90}}]},"43":{"loc":{"start":{"line":47,"column":15},"end":{"line":47,"column":61}},"type":"binary-expr","locations":[{"start":{"line":47,"column":15},"end":{"line":47,"column":24}},{"start":{"line":47,"column":28},"end":{"line":47,"column":61}}]},"44":{"loc":{"start":{"line":48,"column":13},"end":{"line":48,"column":99}},"type":"cond-expr","locations":[{"start":{"line":48,"column":60},"end":{"line":48,"column":74}},{"start":{"line":48,"column":77},"end":{"line":48,"column":99}}]},"45":{"loc":{"start":{"line":48,"column":13},"end":{"line":48,"column":57}},"type":"binary-expr","locations":[{"start":{"line":48,"column":13},"end":{"line":48,"column":22}},{"start":{"line":48,"column":26},"end":{"line":48,"column":57}}]},"46":{"loc":{"start":{"line":49,"column":13},"end":{"line":49,"column":99}},"type":"cond-expr","locations":[{"start":{"line":49,"column":60},"end":{"line":49,"column":74}},{"start":{"line":49,"column":77},"end":{"line":49,"column":99}}]},"47":{"loc":{"start":{"line":49,"column":13},"end":{"line":49,"column":57}},"type":"binary-expr","locations":[{"start":{"line":49,"column":13},"end":{"line":49,"column":22}},{"start":{"line":49,"column":26},"end":{"line":49,"column":57}}]},"48":{"loc":{"start":{"line":50,"column":15},"end":{"line":50,"column":105}},"type":"cond-expr","locations":[{"start":{"line":50,"column":64},"end":{"line":50,"column":80}},{"start":{"line":50,"column":83},"end":{"line":50,"column":105}}]},"49":{"loc":{"start":{"line":50,"column":15},"end":{"line":50,"column":61}},"type":"binary-expr","locations":[{"start":{"line":50,"column":15},"end":{"line":50,"column":24}},{"start":{"line":50,"column":28},"end":{"line":50,"column":61}}]},"50":{"loc":{"start":{"line":51,"column":23},"end":{"line":51,"column":129}},"type":"cond-expr","locations":[{"start":{"line":51,"column":80},"end":{"line":51,"column":104}},{"start":{"line":51,"column":107},"end":{"line":51,"column":129}}]},"51":{"loc":{"start":{"line":51,"column":23},"end":{"line":51,"column":77}},"type":"binary-expr","locations":[{"start":{"line":51,"column":23},"end":{"line":51,"column":32}},{"start":{"line":51,"column":36},"end":{"line":51,"column":77}}]},"52":{"loc":{"start":{"line":52,"column":21},"end":{"line":52,"column":123}},"type":"cond-expr","locations":[{"start":{"line":52,"column":76},"end":{"line":52,"column":98}},{"start":{"line":52,"column":101},"end":{"line":52,"column":123}}]},"53":{"loc":{"start":{"line":52,"column":21},"end":{"line":52,"column":73}},"type":"binary-expr","locations":[{"start":{"line":52,"column":21},"end":{"line":52,"column":30}},{"start":{"line":52,"column":34},"end":{"line":52,"column":73}}]},"54":{"loc":{"start":{"line":53,"column":21},"end":{"line":53,"column":123}},"type":"cond-expr","locations":[{"start":{"line":53,"column":76},"end":{"line":53,"column":98}},{"start":{"line":53,"column":101},"end":{"line":53,"column":123}}]},"55":{"loc":{"start":{"line":53,"column":21},"end":{"line":53,"column":73}},"type":"binary-expr","locations":[{"start":{"line":53,"column":21},"end":{"line":53,"column":30}},{"start":{"line":53,"column":34},"end":{"line":53,"column":73}}]},"56":{"loc":{"start":{"line":54,"column":13},"end":{"line":54,"column":99}},"type":"cond-expr","locations":[{"start":{"line":54,"column":60},"end":{"line":54,"column":74}},{"start":{"line":54,"column":77},"end":{"line":54,"column":99}}]},"57":{"loc":{"start":{"line":54,"column":13},"end":{"line":54,"column":57}},"type":"binary-expr","locations":[{"start":{"line":54,"column":13},"end":{"line":54,"column":22}},{"start":{"line":54,"column":26},"end":{"line":54,"column":57}}]},"58":{"loc":{"start":{"line":55,"column":13},"end":{"line":55,"column":99}},"type":"cond-expr","locations":[{"start":{"line":55,"column":60},"end":{"line":55,"column":74}},{"start":{"line":55,"column":77},"end":{"line":55,"column":99}}]},"59":{"loc":{"start":{"line":55,"column":13},"end":{"line":55,"column":57}},"type":"binary-expr","locations":[{"start":{"line":55,"column":13},"end":{"line":55,"column":22}},{"start":{"line":55,"column":26},"end":{"line":55,"column":57}}]},"60":{"loc":{"start":{"line":61,"column":12},"end":{"line":61,"column":78}},"type":"cond-expr","locations":[{"start":{"line":61,"column":58},"end":{"line":61,"column":71}},{"start":{"line":61,"column":74},"end":{"line":61,"column":78}}]},"61":{"loc":{"start":{"line":61,"column":12},"end":{"line":61,"column":55}},"type":"binary-expr","locations":[{"start":{"line":61,"column":12},"end":{"line":61,"column":21}},{"start":{"line":61,"column":25},"end":{"line":61,"column":55}}]},"62":{"loc":{"start":{"line":67,"column":12},"end":{"line":67,"column":98}},"type":"cond-expr","locations":[{"start":{"line":67,"column":58},"end":{"line":67,"column":71}},{"start":{"line":67,"column":74},"end":{"line":67,"column":98}}]},"63":{"loc":{"start":{"line":67,"column":12},"end":{"line":67,"column":55}},"type":"binary-expr","locations":[{"start":{"line":67,"column":12},"end":{"line":67,"column":21}},{"start":{"line":67,"column":25},"end":{"line":67,"column":55}}]},"64":{"loc":{"start":{"line":68,"column":22},"end":{"line":68,"column":126}},"type":"cond-expr","locations":[{"start":{"line":68,"column":78},"end":{"line":68,"column":101}},{"start":{"line":68,"column":104},"end":{"line":68,"column":126}}]},"65":{"loc":{"start":{"line":68,"column":22},"end":{"line":68,"column":75}},"type":"binary-expr","locations":[{"start":{"line":68,"column":22},"end":{"line":68,"column":31}},{"start":{"line":68,"column":35},"end":{"line":68,"column":75}}]},"66":{"loc":{"start":{"line":69,"column":22},"end":{"line":69,"column":126}},"type":"cond-expr","locations":[{"start":{"line":69,"column":78},"end":{"line":69,"column":101}},{"start":{"line":69,"column":104},"end":{"line":69,"column":126}}]},"67":{"loc":{"start":{"line":69,"column":22},"end":{"line":69,"column":75}},"type":"binary-expr","locations":[{"start":{"line":69,"column":22},"end":{"line":69,"column":31}},{"start":{"line":69,"column":35},"end":{"line":69,"column":75}}]},"68":{"loc":{"start":{"line":70,"column":27},"end":{"line":70,"column":153}},"type":"cond-expr","locations":[{"start":{"line":70,"column":88},"end":{"line":70,"column":116}},{"start":{"line":70,"column":119},"end":{"line":70,"column":153}}]},"69":{"loc":{"start":{"line":70,"column":27},"end":{"line":70,"column":85}},"type":"binary-expr","locations":[{"start":{"line":70,"column":27},"end":{"line":70,"column":36}},{"start":{"line":70,"column":40},"end":{"line":70,"column":85}}]},"70":{"loc":{"start":{"line":71,"column":22},"end":{"line":71,"column":126}},"type":"cond-expr","locations":[{"start":{"line":71,"column":78},"end":{"line":71,"column":101}},{"start":{"line":71,"column":104},"end":{"line":71,"column":126}}]},"71":{"loc":{"start":{"line":71,"column":22},"end":{"line":71,"column":75}},"type":"binary-expr","locations":[{"start":{"line":71,"column":22},"end":{"line":71,"column":31}},{"start":{"line":71,"column":35},"end":{"line":71,"column":75}}]},"72":{"loc":{"start":{"line":72,"column":22},"end":{"line":72,"column":126}},"type":"cond-expr","locations":[{"start":{"line":72,"column":78},"end":{"line":72,"column":101}},{"start":{"line":72,"column":104},"end":{"line":72,"column":126}}]},"73":{"loc":{"start":{"line":72,"column":22},"end":{"line":72,"column":75}},"type":"binary-expr","locations":[{"start":{"line":72,"column":22},"end":{"line":72,"column":31}},{"start":{"line":72,"column":35},"end":{"line":72,"column":75}}]},"74":{"loc":{"start":{"line":73,"column":27},"end":{"line":73,"column":153}},"type":"cond-expr","locations":[{"start":{"line":73,"column":88},"end":{"line":73,"column":116}},{"start":{"line":73,"column":119},"end":{"line":73,"column":153}}]},"75":{"loc":{"start":{"line":73,"column":27},"end":{"line":73,"column":85}},"type":"binary-expr","locations":[{"start":{"line":73,"column":27},"end":{"line":73,"column":36}},{"start":{"line":73,"column":40},"end":{"line":73,"column":85}}]},"76":{"loc":{"start":{"line":74,"column":14},"end":{"line":74,"column":104}},"type":"cond-expr","locations":[{"start":{"line":74,"column":62},"end":{"line":74,"column":77}},{"start":{"line":74,"column":80},"end":{"line":74,"column":104}}]},"77":{"loc":{"start":{"line":74,"column":14},"end":{"line":74,"column":59}},"type":"binary-expr","locations":[{"start":{"line":74,"column":14},"end":{"line":74,"column":23}},{"start":{"line":74,"column":27},"end":{"line":74,"column":59}}]},"78":{"loc":{"start":{"line":75,"column":14},"end":{"line":75,"column":94}},"type":"cond-expr","locations":[{"start":{"line":75,"column":62},"end":{"line":75,"column":77}},{"start":{"line":75,"column":80},"end":{"line":75,"column":94}}]},"79":{"loc":{"start":{"line":75,"column":14},"end":{"line":75,"column":59}},"type":"binary-expr","locations":[{"start":{"line":75,"column":14},"end":{"line":75,"column":23}},{"start":{"line":75,"column":27},"end":{"line":75,"column":59}}]},"80":{"loc":{"start":{"line":76,"column":13},"end":{"line":76,"column":91}},"type":"cond-expr","locations":[{"start":{"line":76,"column":60},"end":{"line":76,"column":74}},{"start":{"line":76,"column":77},"end":{"line":76,"column":91}}]},"81":{"loc":{"start":{"line":76,"column":13},"end":{"line":76,"column":57}},"type":"binary-expr","locations":[{"start":{"line":76,"column":13},"end":{"line":76,"column":22}},{"start":{"line":76,"column":26},"end":{"line":76,"column":57}}]},"82":{"loc":{"start":{"line":82,"column":12},"end":{"line":82,"column":112}},"type":"cond-expr","locations":[{"start":{"line":82,"column":58},"end":{"line":82,"column":71}},{"start":{"line":82,"column":74},"end":{"line":82,"column":112}}]},"83":{"loc":{"start":{"line":82,"column":12},"end":{"line":82,"column":55}},"type":"binary-expr","locations":[{"start":{"line":82,"column":12},"end":{"line":82,"column":21}},{"start":{"line":82,"column":25},"end":{"line":82,"column":55}}]},"84":{"loc":{"start":{"line":83,"column":22},"end":{"line":83,"column":131}},"type":"cond-expr","locations":[{"start":{"line":83,"column":78},"end":{"line":83,"column":101}},{"start":{"line":83,"column":104},"end":{"line":83,"column":131}}]},"85":{"loc":{"start":{"line":83,"column":22},"end":{"line":83,"column":75}},"type":"binary-expr","locations":[{"start":{"line":83,"column":22},"end":{"line":83,"column":31}},{"start":{"line":83,"column":35},"end":{"line":83,"column":75}}]},"86":{"loc":{"start":{"line":84,"column":22},"end":{"line":84,"column":130}},"type":"cond-expr","locations":[{"start":{"line":84,"column":78},"end":{"line":84,"column":101}},{"start":{"line":84,"column":104},"end":{"line":84,"column":130}}]},"87":{"loc":{"start":{"line":84,"column":22},"end":{"line":84,"column":75}},"type":"binary-expr","locations":[{"start":{"line":84,"column":22},"end":{"line":84,"column":31}},{"start":{"line":84,"column":35},"end":{"line":84,"column":75}}]},"88":{"loc":{"start":{"line":85,"column":27},"end":{"line":85,"column":144}},"type":"cond-expr","locations":[{"start":{"line":85,"column":88},"end":{"line":85,"column":116}},{"start":{"line":85,"column":119},"end":{"line":85,"column":144}}]},"89":{"loc":{"start":{"line":85,"column":27},"end":{"line":85,"column":85}},"type":"binary-expr","locations":[{"start":{"line":85,"column":27},"end":{"line":85,"column":36}},{"start":{"line":85,"column":40},"end":{"line":85,"column":85}}]},"90":{"loc":{"start":{"line":86,"column":22},"end":{"line":86,"column":131}},"type":"cond-expr","locations":[{"start":{"line":86,"column":78},"end":{"line":86,"column":101}},{"start":{"line":86,"column":104},"end":{"line":86,"column":131}}]},"91":{"loc":{"start":{"line":86,"column":22},"end":{"line":86,"column":75}},"type":"binary-expr","locations":[{"start":{"line":86,"column":22},"end":{"line":86,"column":31}},{"start":{"line":86,"column":35},"end":{"line":86,"column":75}}]},"92":{"loc":{"start":{"line":87,"column":22},"end":{"line":87,"column":130}},"type":"cond-expr","locations":[{"start":{"line":87,"column":78},"end":{"line":87,"column":101}},{"start":{"line":87,"column":104},"end":{"line":87,"column":130}}]},"93":{"loc":{"start":{"line":87,"column":22},"end":{"line":87,"column":75}},"type":"binary-expr","locations":[{"start":{"line":87,"column":22},"end":{"line":87,"column":31}},{"start":{"line":87,"column":35},"end":{"line":87,"column":75}}]},"94":{"loc":{"start":{"line":88,"column":27},"end":{"line":88,"column":144}},"type":"cond-expr","locations":[{"start":{"line":88,"column":88},"end":{"line":88,"column":116}},{"start":{"line":88,"column":119},"end":{"line":88,"column":144}}]},"95":{"loc":{"start":{"line":88,"column":27},"end":{"line":88,"column":85}},"type":"binary-expr","locations":[{"start":{"line":88,"column":27},"end":{"line":88,"column":36}},{"start":{"line":88,"column":40},"end":{"line":88,"column":85}}]},"96":{"loc":{"start":{"line":89,"column":14},"end":{"line":89,"column":89}},"type":"cond-expr","locations":[{"start":{"line":89,"column":62},"end":{"line":89,"column":77}},{"start":{"line":89,"column":80},"end":{"line":89,"column":89}}]},"97":{"loc":{"start":{"line":89,"column":14},"end":{"line":89,"column":59}},"type":"binary-expr","locations":[{"start":{"line":89,"column":14},"end":{"line":89,"column":23}},{"start":{"line":89,"column":27},"end":{"line":89,"column":59}}]},"98":{"loc":{"start":{"line":95,"column":12},"end":{"line":95,"column":112}},"type":"cond-expr","locations":[{"start":{"line":95,"column":58},"end":{"line":95,"column":71}},{"start":{"line":95,"column":74},"end":{"line":95,"column":112}}]},"99":{"loc":{"start":{"line":95,"column":12},"end":{"line":95,"column":55}},"type":"binary-expr","locations":[{"start":{"line":95,"column":12},"end":{"line":95,"column":21}},{"start":{"line":95,"column":25},"end":{"line":95,"column":55}}]},"100":{"loc":{"start":{"line":96,"column":17},"end":{"line":96,"column":95}},"type":"cond-expr","locations":[{"start":{"line":96,"column":68},"end":{"line":96,"column":86}},{"start":{"line":96,"column":89},"end":{"line":96,"column":95}}]},"101":{"loc":{"start":{"line":96,"column":17},"end":{"line":96,"column":65}},"type":"binary-expr","locations":[{"start":{"line":96,"column":17},"end":{"line":96,"column":26}},{"start":{"line":96,"column":30},"end":{"line":96,"column":65}}]},"102":{"loc":{"start":{"line":97,"column":23},"end":{"line":97,"column":111}},"type":"cond-expr","locations":[{"start":{"line":97,"column":80},"end":{"line":97,"column":104}},{"start":{"line":97,"column":107},"end":{"line":97,"column":111}}]},"103":{"loc":{"start":{"line":97,"column":23},"end":{"line":97,"column":77}},"type":"binary-expr","locations":[{"start":{"line":97,"column":23},"end":{"line":97,"column":32}},{"start":{"line":97,"column":36},"end":{"line":97,"column":77}}]},"104":{"loc":{"start":{"line":98,"column":27},"end":{"line":98,"column":132}},"type":"cond-expr","locations":[{"start":{"line":98,"column":88},"end":{"line":98,"column":116}},{"start":{"line":98,"column":119},"end":{"line":98,"column":132}}]},"105":{"loc":{"start":{"line":98,"column":27},"end":{"line":98,"column":85}},"type":"binary-expr","locations":[{"start":{"line":98,"column":27},"end":{"line":98,"column":36}},{"start":{"line":98,"column":40},"end":{"line":98,"column":85}}]},"106":{"loc":{"start":{"line":99,"column":15},"end":{"line":99,"column":96}},"type":"cond-expr","locations":[{"start":{"line":99,"column":64},"end":{"line":99,"column":80}},{"start":{"line":99,"column":83},"end":{"line":99,"column":96}}]},"107":{"loc":{"start":{"line":99,"column":15},"end":{"line":99,"column":61}},"type":"binary-expr","locations":[{"start":{"line":99,"column":15},"end":{"line":99,"column":24}},{"start":{"line":99,"column":28},"end":{"line":99,"column":61}}]},"108":{"loc":{"start":{"line":100,"column":14},"end":{"line":100,"column":88}},"type":"cond-expr","locations":[{"start":{"line":100,"column":62},"end":{"line":100,"column":77}},{"start":{"line":100,"column":80},"end":{"line":100,"column":88}}]},"109":{"loc":{"start":{"line":100,"column":14},"end":{"line":100,"column":59}},"type":"binary-expr","locations":[{"start":{"line":100,"column":14},"end":{"line":100,"column":23}},{"start":{"line":100,"column":27},"end":{"line":100,"column":59}}]},"110":{"loc":{"start":{"line":101,"column":16},"end":{"line":101,"column":115}},"type":"cond-expr","locations":[{"start":{"line":101,"column":66},"end":{"line":101,"column":83}},{"start":{"line":101,"column":86},"end":{"line":101,"column":115}}]},"111":{"loc":{"start":{"line":101,"column":16},"end":{"line":101,"column":63}},"type":"binary-expr","locations":[{"start":{"line":101,"column":16},"end":{"line":101,"column":25}},{"start":{"line":101,"column":29},"end":{"line":101,"column":63}}]},"112":{"loc":{"start":{"line":102,"column":21},"end":{"line":102,"column":128}},"type":"cond-expr","locations":[{"start":{"line":102,"column":76},"end":{"line":102,"column":98}},{"start":{"line":102,"column":101},"end":{"line":102,"column":128}}]},"113":{"loc":{"start":{"line":102,"column":21},"end":{"line":102,"column":73}},"type":"binary-expr","locations":[{"start":{"line":102,"column":21},"end":{"line":102,"column":30}},{"start":{"line":102,"column":34},"end":{"line":102,"column":73}}]},"114":{"loc":{"start":{"line":103,"column":21},"end":{"line":103,"column":127}},"type":"cond-expr","locations":[{"start":{"line":103,"column":76},"end":{"line":103,"column":98}},{"start":{"line":103,"column":101},"end":{"line":103,"column":127}}]},"115":{"loc":{"start":{"line":103,"column":21},"end":{"line":103,"column":73}},"type":"binary-expr","locations":[{"start":{"line":103,"column":21},"end":{"line":103,"column":30}},{"start":{"line":103,"column":34},"end":{"line":103,"column":73}}]},"116":{"loc":{"start":{"line":104,"column":26},"end":{"line":104,"column":141}},"type":"cond-expr","locations":[{"start":{"line":104,"column":86},"end":{"line":104,"column":113}},{"start":{"line":104,"column":116},"end":{"line":104,"column":141}}]},"117":{"loc":{"start":{"line":104,"column":26},"end":{"line":104,"column":83}},"type":"binary-expr","locations":[{"start":{"line":104,"column":26},"end":{"line":104,"column":35}},{"start":{"line":104,"column":39},"end":{"line":104,"column":83}}]},"118":{"loc":{"start":{"line":105,"column":21},"end":{"line":105,"column":128}},"type":"cond-expr","locations":[{"start":{"line":105,"column":76},"end":{"line":105,"column":98}},{"start":{"line":105,"column":101},"end":{"line":105,"column":128}}]},"119":{"loc":{"start":{"line":105,"column":21},"end":{"line":105,"column":73}},"type":"binary-expr","locations":[{"start":{"line":105,"column":21},"end":{"line":105,"column":30}},{"start":{"line":105,"column":34},"end":{"line":105,"column":73}}]},"120":{"loc":{"start":{"line":106,"column":21},"end":{"line":106,"column":127}},"type":"cond-expr","locations":[{"start":{"line":106,"column":76},"end":{"line":106,"column":98}},{"start":{"line":106,"column":101},"end":{"line":106,"column":127}}]},"121":{"loc":{"start":{"line":106,"column":21},"end":{"line":106,"column":73}},"type":"binary-expr","locations":[{"start":{"line":106,"column":21},"end":{"line":106,"column":30}},{"start":{"line":106,"column":34},"end":{"line":106,"column":73}}]},"122":{"loc":{"start":{"line":107,"column":26},"end":{"line":107,"column":141}},"type":"cond-expr","locations":[{"start":{"line":107,"column":86},"end":{"line":107,"column":113}},{"start":{"line":107,"column":116},"end":{"line":107,"column":141}}]},"123":{"loc":{"start":{"line":107,"column":26},"end":{"line":107,"column":83}},"type":"binary-expr","locations":[{"start":{"line":107,"column":26},"end":{"line":107,"column":35}},{"start":{"line":107,"column":39},"end":{"line":107,"column":83}}]},"124":{"loc":{"start":{"line":108,"column":17},"end":{"line":108,"column":100}},"type":"cond-expr","locations":[{"start":{"line":108,"column":68},"end":{"line":108,"column":86}},{"start":{"line":108,"column":89},"end":{"line":108,"column":100}}]},"125":{"loc":{"start":{"line":108,"column":17},"end":{"line":108,"column":65}},"type":"binary-expr","locations":[{"start":{"line":108,"column":17},"end":{"line":108,"column":26}},{"start":{"line":108,"column":30},"end":{"line":108,"column":65}}]},"126":{"loc":{"start":{"line":109,"column":18},"end":{"line":109,"column":96}},"type":"cond-expr","locations":[{"start":{"line":109,"column":70},"end":{"line":109,"column":89}},{"start":{"line":109,"column":92},"end":{"line":109,"column":96}}]},"127":{"loc":{"start":{"line":109,"column":18},"end":{"line":109,"column":67}},"type":"binary-expr","locations":[{"start":{"line":109,"column":18},"end":{"line":109,"column":27}},{"start":{"line":109,"column":31},"end":{"line":109,"column":67}}]},"128":{"loc":{"start":{"line":110,"column":15},"end":{"line":110,"column":87}},"type":"cond-expr","locations":[{"start":{"line":110,"column":64},"end":{"line":110,"column":80}},{"start":{"line":110,"column":83},"end":{"line":110,"column":87}}]},"129":{"loc":{"start":{"line":110,"column":15},"end":{"line":110,"column":61}},"type":"binary-expr","locations":[{"start":{"line":110,"column":15},"end":{"line":110,"column":24}},{"start":{"line":110,"column":28},"end":{"line":110,"column":61}}]},"130":{"loc":{"start":{"line":111,"column":16},"end":{"line":111,"column":90}},"type":"cond-expr","locations":[{"start":{"line":111,"column":66},"end":{"line":111,"column":83}},{"start":{"line":111,"column":86},"end":{"line":111,"column":90}}]},"131":{"loc":{"start":{"line":111,"column":16},"end":{"line":111,"column":63}},"type":"binary-expr","locations":[{"start":{"line":111,"column":16},"end":{"line":111,"column":25}},{"start":{"line":111,"column":29},"end":{"line":111,"column":63}}]},"132":{"loc":{"start":{"line":112,"column":18},"end":{"line":112,"column":96}},"type":"cond-expr","locations":[{"start":{"line":112,"column":70},"end":{"line":112,"column":89}},{"start":{"line":112,"column":92},"end":{"line":112,"column":96}}]},"133":{"loc":{"start":{"line":112,"column":18},"end":{"line":112,"column":67}},"type":"binary-expr","locations":[{"start":{"line":112,"column":18},"end":{"line":112,"column":27}},{"start":{"line":112,"column":31},"end":{"line":112,"column":67}}]},"134":{"loc":{"start":{"line":113,"column":15},"end":{"line":113,"column":90}},"type":"cond-expr","locations":[{"start":{"line":113,"column":64},"end":{"line":113,"column":80}},{"start":{"line":113,"column":83},"end":{"line":113,"column":90}}]},"135":{"loc":{"start":{"line":113,"column":15},"end":{"line":113,"column":61}},"type":"binary-expr","locations":[{"start":{"line":113,"column":15},"end":{"line":113,"column":24}},{"start":{"line":113,"column":28},"end":{"line":113,"column":61}}]},"136":{"loc":{"start":{"line":114,"column":21},"end":{"line":114,"column":111}},"type":"cond-expr","locations":[{"start":{"line":114,"column":76},"end":{"line":114,"column":98}},{"start":{"line":114,"column":101},"end":{"line":114,"column":111}}]},"137":{"loc":{"start":{"line":114,"column":21},"end":{"line":114,"column":73}},"type":"binary-expr","locations":[{"start":{"line":114,"column":21},"end":{"line":114,"column":30}},{"start":{"line":114,"column":34},"end":{"line":114,"column":73}}]},"138":{"loc":{"start":{"line":115,"column":18},"end":{"line":115,"column":98}},"type":"cond-expr","locations":[{"start":{"line":115,"column":70},"end":{"line":115,"column":89}},{"start":{"line":115,"column":92},"end":{"line":115,"column":98}}]},"139":{"loc":{"start":{"line":115,"column":18},"end":{"line":115,"column":67}},"type":"binary-expr","locations":[{"start":{"line":115,"column":18},"end":{"line":115,"column":27}},{"start":{"line":115,"column":31},"end":{"line":115,"column":67}}]},"140":{"loc":{"start":{"line":116,"column":14},"end":{"line":116,"column":84}},"type":"cond-expr","locations":[{"start":{"line":116,"column":62},"end":{"line":116,"column":77}},{"start":{"line":116,"column":80},"end":{"line":116,"column":84}}]},"141":{"loc":{"start":{"line":116,"column":14},"end":{"line":116,"column":59}},"type":"binary-expr","locations":[{"start":{"line":116,"column":14},"end":{"line":116,"column":23}},{"start":{"line":116,"column":27},"end":{"line":116,"column":59}}]},"142":{"loc":{"start":{"line":117,"column":18},"end":{"line":117,"column":97}},"type":"cond-expr","locations":[{"start":{"line":117,"column":70},"end":{"line":117,"column":89}},{"start":{"line":117,"column":92},"end":{"line":117,"column":97}}]},"143":{"loc":{"start":{"line":117,"column":18},"end":{"line":117,"column":67}},"type":"binary-expr","locations":[{"start":{"line":117,"column":18},"end":{"line":117,"column":27}},{"start":{"line":117,"column":31},"end":{"line":117,"column":67}}]},"144":{"loc":{"start":{"line":123,"column":12},"end":{"line":123,"column":112}},"type":"cond-expr","locations":[{"start":{"line":123,"column":58},"end":{"line":123,"column":71}},{"start":{"line":123,"column":74},"end":{"line":123,"column":112}}]},"145":{"loc":{"start":{"line":123,"column":12},"end":{"line":123,"column":55}},"type":"binary-expr","locations":[{"start":{"line":123,"column":12},"end":{"line":123,"column":21}},{"start":{"line":123,"column":25},"end":{"line":123,"column":55}}]},"146":{"loc":{"start":{"line":124,"column":14},"end":{"line":124,"column":86}},"type":"cond-expr","locations":[{"start":{"line":124,"column":62},"end":{"line":124,"column":77}},{"start":{"line":124,"column":80},"end":{"line":124,"column":86}}]},"147":{"loc":{"start":{"line":124,"column":14},"end":{"line":124,"column":59}},"type":"binary-expr","locations":[{"start":{"line":124,"column":14},"end":{"line":124,"column":23}},{"start":{"line":124,"column":27},"end":{"line":124,"column":59}}]},"148":{"loc":{"start":{"line":125,"column":16},"end":{"line":125,"column":115}},"type":"cond-expr","locations":[{"start":{"line":125,"column":66},"end":{"line":125,"column":83}},{"start":{"line":125,"column":86},"end":{"line":125,"column":115}}]},"149":{"loc":{"start":{"line":125,"column":16},"end":{"line":125,"column":63}},"type":"binary-expr","locations":[{"start":{"line":125,"column":16},"end":{"line":125,"column":25}},{"start":{"line":125,"column":29},"end":{"line":125,"column":63}}]},"150":{"loc":{"start":{"line":131,"column":12},"end":{"line":131,"column":112}},"type":"cond-expr","locations":[{"start":{"line":131,"column":58},"end":{"line":131,"column":71}},{"start":{"line":131,"column":74},"end":{"line":131,"column":112}}]},"151":{"loc":{"start":{"line":131,"column":12},"end":{"line":131,"column":55}},"type":"binary-expr","locations":[{"start":{"line":131,"column":12},"end":{"line":131,"column":21}},{"start":{"line":131,"column":25},"end":{"line":131,"column":55}}]},"152":{"loc":{"start":{"line":132,"column":14},"end":{"line":132,"column":88}},"type":"cond-expr","locations":[{"start":{"line":132,"column":62},"end":{"line":132,"column":77}},{"start":{"line":132,"column":80},"end":{"line":132,"column":88}}]},"153":{"loc":{"start":{"line":132,"column":14},"end":{"line":132,"column":59}},"type":"binary-expr","locations":[{"start":{"line":132,"column":14},"end":{"line":132,"column":23}},{"start":{"line":132,"column":27},"end":{"line":132,"column":59}}]},"154":{"loc":{"start":{"line":133,"column":14},"end":{"line":133,"column":87}},"type":"cond-expr","locations":[{"start":{"line":133,"column":62},"end":{"line":133,"column":77}},{"start":{"line":133,"column":80},"end":{"line":133,"column":87}}]},"155":{"loc":{"start":{"line":133,"column":14},"end":{"line":133,"column":59}},"type":"binary-expr","locations":[{"start":{"line":133,"column":14},"end":{"line":133,"column":23}},{"start":{"line":133,"column":27},"end":{"line":133,"column":59}}]},"156":{"loc":{"start":{"line":134,"column":21},"end":{"line":134,"column":111}},"type":"cond-expr","locations":[{"start":{"line":134,"column":76},"end":{"line":134,"column":98}},{"start":{"line":134,"column":101},"end":{"line":134,"column":111}}]},"157":{"loc":{"start":{"line":134,"column":21},"end":{"line":134,"column":73}},"type":"binary-expr","locations":[{"start":{"line":134,"column":21},"end":{"line":134,"column":30}},{"start":{"line":134,"column":34},"end":{"line":134,"column":73}}]},"158":{"loc":{"start":{"line":135,"column":19},"end":{"line":135,"column":101}},"type":"cond-expr","locations":[{"start":{"line":135,"column":72},"end":{"line":135,"column":92}},{"start":{"line":135,"column":95},"end":{"line":135,"column":101}}]},"159":{"loc":{"start":{"line":135,"column":19},"end":{"line":135,"column":69}},"type":"binary-expr","locations":[{"start":{"line":135,"column":19},"end":{"line":135,"column":28}},{"start":{"line":135,"column":32},"end":{"line":135,"column":69}}]},"160":{"loc":{"start":{"line":136,"column":21},"end":{"line":136,"column":106}},"type":"cond-expr","locations":[{"start":{"line":136,"column":76},"end":{"line":136,"column":98}},{"start":{"line":136,"column":101},"end":{"line":136,"column":106}}]},"161":{"loc":{"start":{"line":136,"column":21},"end":{"line":136,"column":73}},"type":"binary-expr","locations":[{"start":{"line":136,"column":21},"end":{"line":136,"column":30}},{"start":{"line":136,"column":34},"end":{"line":136,"column":73}}]},"162":{"loc":{"start":{"line":137,"column":22},"end":{"line":137,"column":109}},"type":"cond-expr","locations":[{"start":{"line":137,"column":78},"end":{"line":137,"column":101}},{"start":{"line":137,"column":104},"end":{"line":137,"column":109}}]},"163":{"loc":{"start":{"line":137,"column":22},"end":{"line":137,"column":75}},"type":"binary-expr","locations":[{"start":{"line":137,"column":22},"end":{"line":137,"column":31}},{"start":{"line":137,"column":35},"end":{"line":137,"column":75}}]},"164":{"loc":{"start":{"line":138,"column":20},"end":{"line":138,"column":102}},"type":"cond-expr","locations":[{"start":{"line":138,"column":74},"end":{"line":138,"column":95}},{"start":{"line":138,"column":98},"end":{"line":138,"column":102}}]},"165":{"loc":{"start":{"line":138,"column":20},"end":{"line":138,"column":71}},"type":"binary-expr","locations":[{"start":{"line":138,"column":20},"end":{"line":138,"column":29}},{"start":{"line":138,"column":33},"end":{"line":138,"column":71}}]},"166":{"loc":{"start":{"line":139,"column":15},"end":{"line":139,"column":112}},"type":"cond-expr","locations":[{"start":{"line":139,"column":64},"end":{"line":139,"column":80}},{"start":{"line":139,"column":83},"end":{"line":139,"column":112}}]},"167":{"loc":{"start":{"line":139,"column":15},"end":{"line":139,"column":61}},"type":"binary-expr","locations":[{"start":{"line":139,"column":15},"end":{"line":139,"column":24}},{"start":{"line":139,"column":28},"end":{"line":139,"column":61}}]},"168":{"loc":{"start":{"line":145,"column":12},"end":{"line":145,"column":112}},"type":"cond-expr","locations":[{"start":{"line":145,"column":58},"end":{"line":145,"column":71}},{"start":{"line":145,"column":74},"end":{"line":145,"column":112}}]},"169":{"loc":{"start":{"line":145,"column":12},"end":{"line":145,"column":55}},"type":"binary-expr","locations":[{"start":{"line":145,"column":12},"end":{"line":145,"column":21}},{"start":{"line":145,"column":25},"end":{"line":145,"column":55}}]},"170":{"loc":{"start":{"line":146,"column":20},"end":{"line":146,"column":104}},"type":"cond-expr","locations":[{"start":{"line":146,"column":74},"end":{"line":146,"column":95}},{"start":{"line":146,"column":98},"end":{"line":146,"column":104}}]},"171":{"loc":{"start":{"line":146,"column":20},"end":{"line":146,"column":71}},"type":"binary-expr","locations":[{"start":{"line":146,"column":20},"end":{"line":146,"column":29}},{"start":{"line":146,"column":33},"end":{"line":146,"column":71}}]},"172":{"loc":{"start":{"line":147,"column":19},"end":{"line":147,"column":99}},"type":"cond-expr","locations":[{"start":{"line":147,"column":72},"end":{"line":147,"column":92}},{"start":{"line":147,"column":95},"end":{"line":147,"column":99}}]},"173":{"loc":{"start":{"line":147,"column":19},"end":{"line":147,"column":69}},"type":"binary-expr","locations":[{"start":{"line":147,"column":19},"end":{"line":147,"column":28}},{"start":{"line":147,"column":32},"end":{"line":147,"column":69}}]},"174":{"loc":{"start":{"line":148,"column":15},"end":{"line":148,"column":90}},"type":"cond-expr","locations":[{"start":{"line":148,"column":64},"end":{"line":148,"column":80}},{"start":{"line":148,"column":83},"end":{"line":148,"column":90}}]},"175":{"loc":{"start":{"line":148,"column":15},"end":{"line":148,"column":61}},"type":"binary-expr","locations":[{"start":{"line":148,"column":15},"end":{"line":148,"column":24}},{"start":{"line":148,"column":28},"end":{"line":148,"column":61}}]},"176":{"loc":{"start":{"line":149,"column":18},"end":{"line":149,"column":99}},"type":"cond-expr","locations":[{"start":{"line":149,"column":70},"end":{"line":149,"column":89}},{"start":{"line":149,"column":92},"end":{"line":149,"column":99}}]},"177":{"loc":{"start":{"line":149,"column":18},"end":{"line":149,"column":67}},"type":"binary-expr","locations":[{"start":{"line":149,"column":18},"end":{"line":149,"column":27}},{"start":{"line":149,"column":31},"end":{"line":149,"column":67}}]},"178":{"loc":{"start":{"line":150,"column":18},"end":{"line":150,"column":101}},"type":"cond-expr","locations":[{"start":{"line":150,"column":70},"end":{"line":150,"column":89}},{"start":{"line":150,"column":92},"end":{"line":150,"column":101}}]},"179":{"loc":{"start":{"line":150,"column":18},"end":{"line":150,"column":67}},"type":"binary-expr","locations":[{"start":{"line":150,"column":18},"end":{"line":150,"column":27}},{"start":{"line":150,"column":31},"end":{"line":150,"column":67}}]},"180":{"loc":{"start":{"line":151,"column":15},"end":{"line":151,"column":89}},"type":"cond-expr","locations":[{"start":{"line":151,"column":64},"end":{"line":151,"column":80}},{"start":{"line":151,"column":83},"end":{"line":151,"column":89}}]},"181":{"loc":{"start":{"line":151,"column":15},"end":{"line":151,"column":61}},"type":"binary-expr","locations":[{"start":{"line":151,"column":15},"end":{"line":151,"column":24}},{"start":{"line":151,"column":28},"end":{"line":151,"column":61}}]},"182":{"loc":{"start":{"line":152,"column":21},"end":{"line":152,"column":106}},"type":"cond-expr","locations":[{"start":{"line":152,"column":76},"end":{"line":152,"column":98}},{"start":{"line":152,"column":101},"end":{"line":152,"column":106}}]},"183":{"loc":{"start":{"line":152,"column":21},"end":{"line":152,"column":73}},"type":"binary-expr","locations":[{"start":{"line":152,"column":21},"end":{"line":152,"column":30}},{"start":{"line":152,"column":34},"end":{"line":152,"column":73}}]},"184":{"loc":{"start":{"line":153,"column":14},"end":{"line":153,"column":87}},"type":"cond-expr","locations":[{"start":{"line":153,"column":62},"end":{"line":153,"column":77}},{"start":{"line":153,"column":80},"end":{"line":153,"column":87}}]},"185":{"loc":{"start":{"line":153,"column":14},"end":{"line":153,"column":59}},"type":"binary-expr","locations":[{"start":{"line":153,"column":14},"end":{"line":153,"column":23}},{"start":{"line":153,"column":27},"end":{"line":153,"column":59}}]},"186":{"loc":{"start":{"line":154,"column":16},"end":{"line":154,"column":113}},"type":"cond-expr","locations":[{"start":{"line":154,"column":66},"end":{"line":154,"column":83}},{"start":{"line":154,"column":86},"end":{"line":154,"column":113}}]},"187":{"loc":{"start":{"line":154,"column":16},"end":{"line":154,"column":63}},"type":"binary-expr","locations":[{"start":{"line":154,"column":16},"end":{"line":154,"column":25}},{"start":{"line":154,"column":29},"end":{"line":154,"column":63}}]},"188":{"loc":{"start":{"line":155,"column":18},"end":{"line":155,"column":104}},"type":"cond-expr","locations":[{"start":{"line":155,"column":70},"end":{"line":155,"column":89}},{"start":{"line":155,"column":92},"end":{"line":155,"column":104}}]},"189":{"loc":{"start":{"line":155,"column":18},"end":{"line":155,"column":67}},"type":"binary-expr","locations":[{"start":{"line":155,"column":18},"end":{"line":155,"column":27}},{"start":{"line":155,"column":31},"end":{"line":155,"column":67}}]},"190":{"loc":{"start":{"line":156,"column":15},"end":{"line":156,"column":89}},"type":"cond-expr","locations":[{"start":{"line":156,"column":64},"end":{"line":156,"column":80}},{"start":{"line":156,"column":83},"end":{"line":156,"column":89}}]},"191":{"loc":{"start":{"line":156,"column":15},"end":{"line":156,"column":61}},"type":"binary-expr","locations":[{"start":{"line":156,"column":15},"end":{"line":156,"column":24}},{"start":{"line":156,"column":28},"end":{"line":156,"column":61}}]},"192":{"loc":{"start":{"line":157,"column":20},"end":{"line":157,"column":103}},"type":"cond-expr","locations":[{"start":{"line":157,"column":74},"end":{"line":157,"column":95}},{"start":{"line":157,"column":98},"end":{"line":157,"column":103}}]},"193":{"loc":{"start":{"line":157,"column":20},"end":{"line":157,"column":71}},"type":"binary-expr","locations":[{"start":{"line":157,"column":20},"end":{"line":157,"column":29}},{"start":{"line":157,"column":33},"end":{"line":157,"column":71}}]},"194":{"loc":{"start":{"line":158,"column":16},"end":{"line":158,"column":91}},"type":"cond-expr","locations":[{"start":{"line":158,"column":66},"end":{"line":158,"column":83}},{"start":{"line":158,"column":86},"end":{"line":158,"column":91}}]},"195":{"loc":{"start":{"line":158,"column":16},"end":{"line":158,"column":63}},"type":"binary-expr","locations":[{"start":{"line":158,"column":16},"end":{"line":158,"column":25}},{"start":{"line":158,"column":29},"end":{"line":158,"column":63}}]},"196":{"loc":{"start":{"line":159,"column":14},"end":{"line":159,"column":107}},"type":"cond-expr","locations":[{"start":{"line":159,"column":62},"end":{"line":159,"column":77}},{"start":{"line":159,"column":80},"end":{"line":159,"column":107}}]},"197":{"loc":{"start":{"line":159,"column":14},"end":{"line":159,"column":59}},"type":"binary-expr","locations":[{"start":{"line":159,"column":14},"end":{"line":159,"column":23}},{"start":{"line":159,"column":27},"end":{"line":159,"column":59}}]},"198":{"loc":{"start":{"line":160,"column":15},"end":{"line":160,"column":90}},"type":"cond-expr","locations":[{"start":{"line":160,"column":64},"end":{"line":160,"column":80}},{"start":{"line":160,"column":83},"end":{"line":160,"column":90}}]},"199":{"loc":{"start":{"line":160,"column":15},"end":{"line":160,"column":61}},"type":"binary-expr","locations":[{"start":{"line":160,"column":15},"end":{"line":160,"column":24}},{"start":{"line":160,"column":28},"end":{"line":160,"column":61}}]},"200":{"loc":{"start":{"line":161,"column":21},"end":{"line":161,"column":127}},"type":"cond-expr","locations":[{"start":{"line":161,"column":76},"end":{"line":161,"column":98}},{"start":{"line":161,"column":101},"end":{"line":161,"column":127}}]},"201":{"loc":{"start":{"line":161,"column":21},"end":{"line":161,"column":73}},"type":"binary-expr","locations":[{"start":{"line":161,"column":21},"end":{"line":161,"column":30}},{"start":{"line":161,"column":34},"end":{"line":161,"column":73}}]},"202":{"loc":{"start":{"line":162,"column":26},"end":{"line":162,"column":141}},"type":"cond-expr","locations":[{"start":{"line":162,"column":86},"end":{"line":162,"column":113}},{"start":{"line":162,"column":116},"end":{"line":162,"column":141}}]},"203":{"loc":{"start":{"line":162,"column":26},"end":{"line":162,"column":83}},"type":"binary-expr","locations":[{"start":{"line":162,"column":26},"end":{"line":162,"column":35}},{"start":{"line":162,"column":39},"end":{"line":162,"column":83}}]},"204":{"loc":{"start":{"line":163,"column":19},"end":{"line":163,"column":102}},"type":"cond-expr","locations":[{"start":{"line":163,"column":72},"end":{"line":163,"column":92}},{"start":{"line":163,"column":95},"end":{"line":163,"column":102}}]},"205":{"loc":{"start":{"line":163,"column":19},"end":{"line":163,"column":69}},"type":"binary-expr","locations":[{"start":{"line":163,"column":19},"end":{"line":163,"column":28}},{"start":{"line":163,"column":32},"end":{"line":163,"column":69}}]},"206":{"loc":{"start":{"line":164,"column":18},"end":{"line":164,"column":99}},"type":"cond-expr","locations":[{"start":{"line":164,"column":70},"end":{"line":164,"column":89}},{"start":{"line":164,"column":92},"end":{"line":164,"column":99}}]},"207":{"loc":{"start":{"line":164,"column":18},"end":{"line":164,"column":67}},"type":"binary-expr","locations":[{"start":{"line":164,"column":18},"end":{"line":164,"column":27}},{"start":{"line":164,"column":31},"end":{"line":164,"column":67}}]},"208":{"loc":{"start":{"line":165,"column":29},"end":{"line":165,"column":131}},"type":"cond-expr","locations":[{"start":{"line":165,"column":92},"end":{"line":165,"column":122}},{"start":{"line":165,"column":125},"end":{"line":165,"column":131}}]},"209":{"loc":{"start":{"line":165,"column":29},"end":{"line":165,"column":89}},"type":"binary-expr","locations":[{"start":{"line":165,"column":29},"end":{"line":165,"column":38}},{"start":{"line":165,"column":42},"end":{"line":165,"column":89}}]},"210":{"loc":{"start":{"line":166,"column":19},"end":{"line":166,"column":104}},"type":"cond-expr","locations":[{"start":{"line":166,"column":72},"end":{"line":166,"column":92}},{"start":{"line":166,"column":95},"end":{"line":166,"column":104}}]},"211":{"loc":{"start":{"line":166,"column":19},"end":{"line":166,"column":69}},"type":"binary-expr","locations":[{"start":{"line":166,"column":19},"end":{"line":166,"column":28}},{"start":{"line":166,"column":32},"end":{"line":166,"column":69}}]},"212":{"loc":{"start":{"line":167,"column":29},"end":{"line":167,"column":130}},"type":"cond-expr","locations":[{"start":{"line":167,"column":92},"end":{"line":167,"column":122}},{"start":{"line":167,"column":125},"end":{"line":167,"column":130}}]},"213":{"loc":{"start":{"line":167,"column":29},"end":{"line":167,"column":89}},"type":"binary-expr","locations":[{"start":{"line":167,"column":29},"end":{"line":167,"column":38}},{"start":{"line":167,"column":42},"end":{"line":167,"column":89}}]},"214":{"loc":{"start":{"line":173,"column":13},"end":{"line":173,"column":86}},"type":"cond-expr","locations":[{"start":{"line":173,"column":60},"end":{"line":173,"column":74}},{"start":{"line":173,"column":77},"end":{"line":173,"column":86}}]},"215":{"loc":{"start":{"line":173,"column":13},"end":{"line":173,"column":57}},"type":"binary-expr","locations":[{"start":{"line":173,"column":13},"end":{"line":173,"column":22}},{"start":{"line":173,"column":26},"end":{"line":173,"column":57}}]},"216":{"loc":{"start":{"line":174,"column":14},"end":{"line":174,"column":87}},"type":"cond-expr","locations":[{"start":{"line":174,"column":62},"end":{"line":174,"column":77}},{"start":{"line":174,"column":80},"end":{"line":174,"column":87}}]},"217":{"loc":{"start":{"line":174,"column":14},"end":{"line":174,"column":59}},"type":"binary-expr","locations":[{"start":{"line":174,"column":14},"end":{"line":174,"column":23}},{"start":{"line":174,"column":27},"end":{"line":174,"column":59}}]},"218":{"loc":{"start":{"line":175,"column":13},"end":{"line":175,"column":85}},"type":"cond-expr","locations":[{"start":{"line":175,"column":60},"end":{"line":175,"column":74}},{"start":{"line":175,"column":77},"end":{"line":175,"column":85}}]},"219":{"loc":{"start":{"line":175,"column":13},"end":{"line":175,"column":57}},"type":"binary-expr","locations":[{"start":{"line":175,"column":13},"end":{"line":175,"column":22}},{"start":{"line":175,"column":26},"end":{"line":175,"column":57}}]},"220":{"loc":{"start":{"line":176,"column":14},"end":{"line":176,"column":85}},"type":"cond-expr","locations":[{"start":{"line":176,"column":62},"end":{"line":176,"column":77}},{"start":{"line":176,"column":80},"end":{"line":176,"column":85}}]},"221":{"loc":{"start":{"line":176,"column":14},"end":{"line":176,"column":59}},"type":"binary-expr","locations":[{"start":{"line":176,"column":14},"end":{"line":176,"column":23}},{"start":{"line":176,"column":27},"end":{"line":176,"column":59}}]},"222":{"loc":{"start":{"line":177,"column":13},"end":{"line":177,"column":81}},"type":"cond-expr","locations":[{"start":{"line":177,"column":60},"end":{"line":177,"column":74}},{"start":{"line":177,"column":77},"end":{"line":177,"column":81}}]},"223":{"loc":{"start":{"line":177,"column":13},"end":{"line":177,"column":57}},"type":"binary-expr","locations":[{"start":{"line":177,"column":13},"end":{"line":177,"column":22}},{"start":{"line":177,"column":26},"end":{"line":177,"column":57}}]},"224":{"loc":{"start":{"line":178,"column":14},"end":{"line":178,"column":84}},"type":"cond-expr","locations":[{"start":{"line":178,"column":62},"end":{"line":178,"column":77}},{"start":{"line":178,"column":80},"end":{"line":178,"column":84}}]},"225":{"loc":{"start":{"line":178,"column":14},"end":{"line":178,"column":59}},"type":"binary-expr","locations":[{"start":{"line":178,"column":14},"end":{"line":178,"column":23}},{"start":{"line":178,"column":27},"end":{"line":178,"column":59}}]},"226":{"loc":{"start":{"line":179,"column":15},"end":{"line":179,"column":87}},"type":"cond-expr","locations":[{"start":{"line":179,"column":64},"end":{"line":179,"column":80}},{"start":{"line":179,"column":83},"end":{"line":179,"column":87}}]},"227":{"loc":{"start":{"line":179,"column":15},"end":{"line":179,"column":61}},"type":"binary-expr","locations":[{"start":{"line":179,"column":15},"end":{"line":179,"column":24}},{"start":{"line":179,"column":28},"end":{"line":179,"column":61}}]},"228":{"loc":{"start":{"line":180,"column":16},"end":{"line":180,"column":90}},"type":"cond-expr","locations":[{"start":{"line":180,"column":66},"end":{"line":180,"column":83}},{"start":{"line":180,"column":86},"end":{"line":180,"column":90}}]},"229":{"loc":{"start":{"line":180,"column":16},"end":{"line":180,"column":63}},"type":"binary-expr","locations":[{"start":{"line":180,"column":16},"end":{"line":180,"column":25}},{"start":{"line":180,"column":29},"end":{"line":180,"column":63}}]},"230":{"loc":{"start":{"line":186,"column":14},"end":{"line":186,"column":104}},"type":"cond-expr","locations":[{"start":{"line":186,"column":62},"end":{"line":186,"column":77}},{"start":{"line":186,"column":80},"end":{"line":186,"column":104}}]},"231":{"loc":{"start":{"line":186,"column":14},"end":{"line":186,"column":59}},"type":"binary-expr","locations":[{"start":{"line":186,"column":14},"end":{"line":186,"column":23}},{"start":{"line":186,"column":27},"end":{"line":186,"column":59}}]},"232":{"loc":{"start":{"line":187,"column":15},"end":{"line":187,"column":107}},"type":"cond-expr","locations":[{"start":{"line":187,"column":64},"end":{"line":187,"column":80}},{"start":{"line":187,"column":83},"end":{"line":187,"column":107}}]},"233":{"loc":{"start":{"line":187,"column":15},"end":{"line":187,"column":61}},"type":"binary-expr","locations":[{"start":{"line":187,"column":15},"end":{"line":187,"column":24}},{"start":{"line":187,"column":28},"end":{"line":187,"column":61}}]},"234":{"loc":{"start":{"line":188,"column":14},"end":{"line":188,"column":104}},"type":"cond-expr","locations":[{"start":{"line":188,"column":62},"end":{"line":188,"column":77}},{"start":{"line":188,"column":80},"end":{"line":188,"column":104}}]},"235":{"loc":{"start":{"line":188,"column":14},"end":{"line":188,"column":59}},"type":"binary-expr","locations":[{"start":{"line":188,"column":14},"end":{"line":188,"column":23}},{"start":{"line":188,"column":27},"end":{"line":188,"column":59}}]},"236":{"loc":{"start":{"line":189,"column":13},"end":{"line":189,"column":101}},"type":"cond-expr","locations":[{"start":{"line":189,"column":60},"end":{"line":189,"column":74}},{"start":{"line":189,"column":77},"end":{"line":189,"column":101}}]},"237
[...]
3":[0,0],"164":[0,0],"165":[0,0],"166":[0,0],"167":[0,0],"168":[0,0],"169":[0,0],"170":[0,0],"171":[0,0],"172":[0,0],"173":[0,0],"174":[0,0],"175":[0,0],"176":[0,0],"177":[0,0],"178":[0,0],"179":[0,0],"180":[0,0],"181":[0,0],"182":[0,0],"183":[0,0],"184":[0,0],"185":[0,0],"186":[0,0],"187":[0,0],"188":[0,0],"189":[0,0],"190":[0,0],"191":[0,0],"192":[0,0],"193":[0,0],"194":[0,0],"195":[0,0],"196":[0,0],"197":[0,0],"198":[0,0],"199":[0,0],"200":[0,0],"201":[0,0],"202":[0,0],"203":[0,0],"204":[0,0],"205":[0,0],"206":[0,0],"207":[0,0],"208":[0,0],"209":[0,0],"210":[0,0],"211":[0,0],"212":[0,0],"213":[0,0],"214":[0,0],"215":[0,0],"216":[0,0],"217":[0,0],"218":[0,0],"219":[0,0],"220":[0,0],"221":[0,0],"222":[0,0],"223":[0,0],"224":[0,0],"225":[0,0],"226":[0,0],"227":[0,0],"228":[0,0],"229":[0,0],"230":[0,0],"231":[0,0],"232":[0,0],"233":[0,0],"234":[0,0],"235":[0,0],"236":[0,0],"237":[0,0],"238":[0,0],"239":[0,0],"240":[0,0],"241":[0,0],"242":[0,0],"243":[0,0],"244":[0,0],"245":[0,0],"246":[0,2],"247":[2,0],"248":[0,2],"249":[2,0],"250":[0,2],"251":[2,0],"252":[0,2],"253":[2,0],"254":[0,2],"255":[2,0],"256":[0,2],"257":[2,0],"258":[0,2],"259":[2,0],"260":[0,2],"261":[2,0],"262":[0,0],"263":[0,0],"264":[0,0],"265":[0,0],"266":[0,0],"267":[0,0],"268":[0,0],"269":[0,0],"270":[0,0],"271":[0,0],"272":[0,0],"273":[0,0],"274":[0,0],"275":[0,0],"276":[0,0],"277":[0,0],"278":[0,0],"279":[0,0],"280":[0,0],"281":[0,0],"282":[0,0],"283":[0,0],"284":[0,0],"285":[0,0],"286":[0,0],"287":[0,0],"288":[0,0],"289":[0,0],"290":[0,0],"291":[0,0],"292":[0,0],"293":[0,0],"294":[0,0],"295":[0,0],"296":[0,0],"297":[0,0],"298":[0,0],"299":[0,0],"300":[0,0],"301":[0,0],"302":[0,0],"303":[0,0],"304":[0,0],"305":[0,0],"306":[0,0],"307":[0,0],"308":[0,0],"309":[0,0],"310":[0,0],"311":[0,0],"312":[0,0],"313":[0,0],"314":[0,0],"315":[0,0],"316":[0,0],"317":[0,0],"318":[0,0],"319":[0,0],"320":[0,0],"321":[0,0],"322":[0,0],"323":[0,0],"324":[0,0],"325":[0,0],"326":[0,0],"327":[0,0],"328":[0,0],"329":[0,0],"330":[0,0],"331":[0,0],"332":[0,0],"333":[0,0],"334":[0,0],"335":[0,0],"336":[0,0],"337":[0,0],"338":[0,0],"339":[0,0],"340":[0,0],"341":[0,0],"342":[0,0],"343":[0,0],"344":[0,0],"345":[0,0],"346":[0,0],"347":[0,0],"348":[0,0],"349":[0,0],"350":[0,0],"351":[0,0],"352":[0,0],"353":[0,0],"354":[0,0],"355":[0,0],"356":[0,0],"357":[0,0],"358":[0,0],"359":[0,0],"360":[0,0],"361":[0,0],"362":[0,0],"363":[0,0],"364":[0,0],"365":[0,0],"366":[0,0],"367":[0,0],"368":[0,0],"369":[0,0],"370":[0,0],"371":[0,0],"372":[0,0],"373":[0,0],"374":[0,0],"375":[0,0],"376":[0,0],"377":[0,0],"378":[0,0],"379":[0,0],"380":[0,0],"381":[0,0],"382":[0,0],"383":[0,0],"384":[0,0],"385":[0,0],"386":[0,0],"387":[0,0],"388":[0,0],"389":[0,0],"390":[0,0],"391":[0,0],"392":[0,0],"393":[0,0],"394":[0,0],"395":[0,0],"396":[0,0],"397":[0,0],"398":[0,0],"399":[0,0],"400":[0,0],"401":[0,0],"402":[0,0],"403":[0,0],"404":[0,0],"405":[0,0],"406":[0,0],"407":[0,0],"408":[0,0],"409":[0,0],"410":[0,0],"411":[0,0],"412":[0,0],"413":[0,0],"414":[0,0],"415":[0,0],"416":[0,0],"417":[0,0],"418":[0,0],"419":[0,0],"420":[0,0],"421":[0,0],"422":[0,0],"423":[0,0],"424":[0,0],"425":[0,0],"426":[0,0],"427":[0,0],"428":[0,0],"429":[0,0],"430":[0,0],"431":[0,0],"432":[0,0],"433":[0,0],"434":[0,0],"435":[0,0],"436":[0,0],"437":[0,0],"438":[0,0],"439":[0,0],"440":[0,0],"441":[0,0],"442":[0,0],"443":[0,0],"444":[0,0],"445":[0,0],"446":[0,0],"447":[0,0],"448":[0,0],"449":[0,0],"450":[0,0],"451":[0,0],"452":[0,0],"453":[0,0],"454":[0,0],"455":[0,0],"456":[0,0],"457":[0,0],"458":[0,0],"459":[0,0],"460":[0,0],"461":[0,0],"462":[0,0],"463":[0,0],"464":[0,0],"465":[0,0],"466":[0,0],"467":[0,0],"468":[0,0],"469":[0,0],"470":[0,0],"471":[0,0],"472":[0,0],"473":[0,0],"474":[0,0],"475":[0,0],"476":[0,0],"477":[0,0],"478":[0,0],"479":[0,0],"480":[0,0],"481":[0,0],"482":[0,0],"483":[0,0],"484":[0,0],"485":[0,0],"486":[0,0],"487":[0,0],"488":[0,0],"489":[0,0],"490":[0,0],"491":[0,0],"492":[0,0],"493":[0,0],"494":[0,0],"495":[0,0],"496":[0,0],"497":[0,0],"498":[0,0],"499":[0,0],"500":[0,0],"501":[0,0],"502":[0,0],"503":[0,0],"504":[0,0],"505":[0,0],"506":[0,0],"507":[0,0],"508":[0,0],"509":[0,0],"510":[0,0],"511":[0,0],"512":[0,0],"513":[0,0],"514":[0,0],"515":[0,0],"516":[0,0],"517":[0,0],"518":[0,0],"519":[0,0],"520":[0,0],"521":[0,0],"522":[0,0],"523":[0,0],"524":[0,0],"525":[0,0],"526":[0,0],"527":[0,0],"528":[0,0],"529":[0,0],"530":[0,0],"531":[0,0],"532":[0,0],"533":[0,0],"534":[0,0],"535":[0,0],"536":[0,0],"537":[0,0],"538":[0,0],"539":[0,0],"540":[0,0],"541":[0,0],"542":[0,0],"543":[0,0],"544":[0,0],"545":[0,0],"546":[0,0],"547":[0,0],"548":[0,0],"549":[0,0],"550":[0,0],"551":[0,0],"552":[0,0],"553":[0,0],"554":[0,0],"555":[0,0],"556":[0,0],"557":[0,0],"558":[0,0],"559":[0,0],"560":[0,0],"561":[0,0],"562":[0,0],"563":[0,0],"564":[0,0],"565":[0,0],"566":[0,0],"567":[0,0],"568":[0,0],"569":[0,0],"570":[0,0],"571":[0,0],"572":[0,0],"573":[0,0],"574":[0,0],"575":[0,0],"576":[0,0],"577":[0,0],"578":[0,0],"579":[0,0],"580":[0,0],"581":[0,0],"582":[0,0],"583":[0,0],"584":[0,0],"585":[0,0],"586":[0,0],"587":[0,0],"588":[0,0],"589":[0,0],"590":[0,0],"591":[0,0],"592":[0,0],"593":[0,0],"594":[0,0],"595":[0,0],"596":[0,0],"597":[0,0],"598":[0,0],"599":[0,0],"600":[0,0],"601":[0,0],"602":[0,0],"603":[0,0],"604":[0,0],"605":[0,0],"606":[0,0],"607":[0,0],"608":[0,0],"609":[0,0],"610":[0,0],"611":[0,0],"612":[0,0],"613":[0,0],"614":[0,0],"615":[0,0],"616":[0,0],"617":[0,0],"618":[0,0],"619":[0,0],"620":[0,0],"621":[0,0],"622":[0,0],"623":[0,0],"624":[0,0],"625":[0,0],"626":[0,0],"627":[0,0],"628":[0,0],"629":[0,0],"630":[0,0],"631":[0,0],"632":[0,0],"633":[0,0],"634":[0,0],"635":[0,0],"636":[0,0],"637":[0,0],"638":[0,0],"639":[0,0],"640":[0,0],"641":[0,0],"642":[0,0],"643":[0,0],"644":[0,0],"645":[0,0],"646":[0,0],"647":[0,0],"648":[0,0],"649":[0,0],"650":[0,0],"651":[0,0],"652":[0,0],"653":[0,0],"654":[0,0],"655":[0,0],"656":[0,0],"657":[0,0],"658":[0,0],"659":[0,0],"660":[0,0],"661":[0,0],"662":[0,0],"663":[0,0],"664":[0,0],"665":[0,0],"666":[0,0],"667":[0,0],"668":[0,0],"669":[0,0],"670":[0,0],"671":[0,0],"672":[0,0],"673":[0,0],"674":[0,0],"675":[0,0],"676":[0,0],"677":[0,0],"678":[0,0],"679":[0,0],"680":[0,0],"681":[0,0],"682":[0,0],"683":[0,0],"684":[0,0],"685":[0,0],"686":[0,0],"687":[0,0],"688":[0,0],"689":[0,0],"690":[0,0],"691":[0,0],"692":[0,0],"693":[0,0],"694":[0,0],"695":[0,0],"696":[0,0],"697":[0,0],"698":[0,0],"699":[0,0],"700":[0,0],"701":[0,0],"702":[0,0],"703":[0,0],"704":[0,0],"705":[0,0],"706":[0,0],"707":[0,0],"708":[0,0],"709":[0,0]}}
,"C:\\Users\\cesar\\OneDrive\\Documentos\\Projetos\\dna\\nestjs\\src\\system\\directus\\directus.sdk.ts": {"path":"C:\\Users\\cesar\\OneDrive\\Documentos\\Projetos\\dna\\nestjs\\src\\system\\directus\\directus.sdk.ts","statementMap":{"0":{"start":{"line":4,"column":0},"end":{"line":4,"column":31}},"1":{"start":{"line":5,"column":0},"end":{"line":5,"column":30}},"2":{"start":{"line":661,"column":13},"end":{"line":668,"column":6}},"3":{"start":{"line":673,"column":43},"end":{"line":673,"column":79}},"4":{"start":{"line":673,"column":71},"end":{"line":673,"column":79}},"5":{"start":{"line":674,"column":34},"end":{"line":674,"column":60}},"6":{"start":{"line":676,"column":2},"end":{"line":680,"column":4}},"7":{"start":{"line":678,"column":8},"end":{"line":678,"column":191}},"8":{"start":{"line":678,"column":54},"end":{"line":678,"column":174}},"9":{"start":{"line":675,"column":0},"end":{"line":675,"column":16}}},"fnMap":{"0":{"name":"(anonymous_0)","decl":{"start":{"line":673,"column":43},"end":{"line":673,"column":44}},"loc":{"start":{"line":673,"column":71},"end":{"line":673,"column":79}}},"1":{"name":"getSdk","decl":{"start":{"line":675,"column":16},"end":{"line":675,"column":22}},"loc":{"start":{"line":675,"column":94},"end":{"line":681,"column":1}}},"2":{"name":"(anonymous_2)","decl":{"start":{"line":677,"column":4},"end":{"line":677,"column":15}},"loc":{"start":{"line":677,"column":98},"end":{"line":679,"column":5}}},"3":{"name":"(anonymous_3)","decl":{"start":{"line":678,"column":27},"end":{"line":678,"column":28}},"loc":{"start":{"line":678,"column":54},"end":{"line":678,"column":174}}}},"branchMap":{"0":{"loc":{"start":{"line":675,"column":46},"end":{"line":675,"column":94}},"type":"default-arg","locations":[{"start":{"line":675,"column":80},"end":{"line":675,"column":94}}]}},"s":{"0":2,"1":2,"2":2,"3":2,"4":0,"5":2,"6":0,"7":0,"8":0,"9":2},"f":{"0":0,"1":0,"2":0,"3":0},"b":{"0":[0]}}
,"C:\\Users\\cesar\\OneDrive\\Documentos\\Projetos\\dna\\nestjs\\src\\system\\directus\\directus.service.ts": {"path":"C:\\Users\\cesar\\OneDrive\\Documentos\\Projetos\\dna\\nestjs\\src\\system\\directus\\directus.service.ts","statementMap":{"0":{"start":{"line":1,"column":0},"end":{"line":1,"column":44}},"1":{"start":{"line":2,"column":0},"end":{"line":2,"column":48}},"2":{"start":{"line":3,"column":0},"end":{"line":3,"column":40}},"3":{"start":{"line":4,"column":0},"end":{"line":4,"column":87}},"4":{"start":{"line":7,"column":0},"end":{"line":27,"column":null}},"5":{"start":{"line":9,"column":4},"end":{"line":9,"column":54}},"6":{"start":{"line":13,"column":28},"end":{"line":13,"column":57}},"7":{"start":{"line":15,"column":4},"end":{"line":15,"column":83}},"8":{"start":{"line":19,"column":28},"end":{"line":19,"column":39}},"9":{"start":{"line":21,"column":4},"end":{"line":21,"column":82}},"10":{"start":{"line":21,"column":22},"end":{"line":21,"column":82}},"11":{"start":{"line":23,"column":4},"end":{"line":25,"column":6}},"12":{"start":{"line":7,"column":13},"end":{"line":27,"column":null}},"13":{"start":{"line":7,"column":13},"end":{"line":7,"column":28}}},"fnMap":{"0":{"name":"(anonymous_1)","decl":{"start":{"line":8,"column":2},"end":{"line":8,"column":8}},"loc":{"start":{"line":8,"column":28},"end":{"line":10,"column":3}}},"1":{"name":"(anonymous_2)","decl":{"start":{"line":12,"column":10},"end":{"line":12,"column":26}},"loc":{"start":{"line":12,"column":46},"end":{"line":16,"column":3}}},"2":{"name":"(anonymous_3)","decl":{"start":{"line":18,"column":10},"end":{"line":18,"column":32}},"loc":{"start":{"line":18,"column":32},"end":{"line":26,"column":3}}}},"branchMap":{"0":{"loc":{"start":{"line":21,"column":4},"end":{"line":21,"column":82}},"type":"if","locations":[{"start":{"line":21,"column":4},"end":{"line":21,"column":82}}]}},"s":{"0":2,"1":2,"2":2,"3":2,"4":2,"5":1,"6":1,"7":0,"8":1,"9":1,"10":1,"11":0,"12":2,"13":2},"f":{"0":1,"1":1,"2":1},"b":{"0":[1]}}
,"C:\\Users\\cesar\\OneDrive\\Documentos\\Projetos\\dna\\nestjs\\src\\system\\exception\\exception.filter.ts": {"path":"C:\\Users\\cesar\\OneDrive\\Documentos\\Projetos\\dna\\nestjs\\src\\system\\exception\\exception.filter.ts","statementMap":{"0":{"start":{"line":1,"column":0},"end":{"line":1,"column":91}},"1":{"start":{"line":3,"column":0},"end":{"line":3,"column":46}},"2":{"start":{"line":10,"column":0},"end":{"line":60,"column":null}},"3":{"start":{"line":14,"column":4},"end":{"line":14,"column":31}},"4":{"start":{"line":18,"column":21},"end":{"line":18,"column":50}},"5":{"start":{"line":20,"column":4},"end":{"line":24,"column":null}},"6":{"start":{"line":21,"column":6},"end":{"line":21,"column":64}},"7":{"start":{"line":23,"column":6},"end":{"line":23,"column":63}},"8":{"start":{"line":28,"column":4},"end":{"line":28,"column":55}},"9":{"start":{"line":32,"column":4},"end":{"line":32,"column":59}},"10":{"start":{"line":36,"column":45},"end":{"line":44,"column":6}},"11":{"start":{"line":46,"column":4},"end":{"line":46,"column":60}},"12":{"start":{"line":50,"column":4},"end":{"line":50,"column":44}},"13":{"start":{"line":52,"column":4},"end":{"line":54,"column":7}},"14":{"start":{"line":58,"column":4},"end":{"line":58,"column":53}},"15":{"start":{"line":10,"column":21},"end":{"line":60,"column":null}},"16":{"start":{"line":10,"column":21},"end":{"line":10,"column":null}}},"fnMap":{"0":{"name":"(anonymous_2)","decl":{"start":{"line":13,"column":2},"end":{"line":13,"column":null}},"loc":{"start":{"line":13,"column":2},"end":{"line":15,"column":3}}},"1":{"name":"(anonymous_3)","decl":{"start":{"line":17,"column":2},"end":{"line":17,"column":7}},"loc":{"start":{"line":17,"column":47},"end":{"line":25,"column":3}}},"2":{"name":"(anonymous_4)","decl":{"start":{"line":27,"column":10},"end":{"line":27,"column":28}},"loc":{"start":{"line":27,"column":48},"end":{"line":29,"column":3}}},"3":{"name":"(anonymous_5)","decl":{"start":{"line":31,"column":10},"end":{"line":31,"column":41}},"loc":{"start":{"line":31,"column":106},"end":{"line":33,"column":3}}},"4":{"name":"(anonymous_6)","decl":{"start":{"line":35,"column":10},"end":{"line":35,"column":40}},"loc":{"start":{"line":35,"column":101},"end":{"line":47,"column":3}}},"5":{"name":"(anonymous_7)","decl":{"start":{"line":49,"column":10},"end":{"line":49,"column":33}},"loc":{"start":{"line":49,"column":115},"end":{"line":55,"column":3}}},"6":{"name":"(anonymous_8)","decl":{"start":{"line":57,"column":10},"end":{"line":57,"column":33}},"loc":{"start":{"line":57,"column":71},"end":{"line":59,"column":3}}}},"branchMap":{"0":{"loc":{"start":{"line":20,"column":4},"end":{"line":24,"column":null}},"type":"if","locations":[{"start":{"line":20,"column":4},"end":{"line":24,"column":null}},{"start":{"line":22,"column":11},"end":{"line":24,"column":null}}]}},"s":{"0":0,"1":0,"2":0,"3":0,"4":0,"5":0,"6":0,"7":0,"8":0,"9":0,"10":0,"11":0,"12":0,"13":0,"14":0,"15":0,"16":0},"f":{"0":0,"1":0,"2":0,"3":0,"4":0,"5":0,"6":0},"b":{"0":[0,0]}}
,"C:\\Users\\cesar\\OneDrive\\Documentos\\Projetos\\dna\\nestjs\\src\\system\\interceptors\\response.interceptor.ts": {"path":"C:\\Users\\cesar\\OneDrive\\Documentos\\Projetos\\dna\\nestjs\\src\\system\\interceptors\\response.interceptor.ts","statementMap":{"0":{"start":{"line":1,"column":0},"end":{"line":1,"column":null}},"1":{"start":{"line":10,"column":0},"end":{"line":10,"column":37}},"2":{"start":{"line":13,"column":0},"end":{"line":22,"column":null}},"3":{"start":{"line":20,"column":4},"end":{"line":20,"column":80}},"4":{"start":{"line":20,"column":45},"end":{"line":20,"column":76}},"5":{"start":{"line":13,"column":13},"end":{"line":22,"column":null}},"6":{"start":{"line":13,"column":13},"end":{"line":13,"column":32}}},"fnMap":{"0":{"name":"(anonymous_1)","decl":{"start":{"line":16,"column":2},"end":{"line":16,"column":11}},"loc":{"start":{"line":18,"column":21},"end":{"line":21,"column":3}}},"1":{"name":"(anonymous_2)","decl":{"start":{"line":20,"column":34},"end":{"line":20,"column":35}},"loc":{"start":{"line":20,"column":45},"end":{"line":20,"column":76}}}},"branchMap":{},"s":{"0":0,"1":0,"2":0,"3":0,"4":0,"5":0,"6":0},"f":{"0":0,"1":0},"b":{}}
,"C:\\Users\\cesar\\OneDrive\\Documentos\\Projetos\\dna\\nestjs\\src\\system\\logger\\logger.contants.ts": {"path":"C:\\Users\\cesar\\OneDrive\\Documentos\\Projetos\\dna\\nestjs\\src\\system\\logger\\logger.contants.ts","statementMap":{"0":{"start":{"line":1,"column":13},"end":{"line":1,"column":41}},"1":{"start":{"line":3,"column":13},"end":{"line":3,"column":58}}},"fnMap":{},"branchMap":{},"s":{"0":0,"1":0},"f":{},"b":{}}
,"C:\\Users\\cesar\\OneDrive\\Documentos\\Projetos\\dna\\nestjs\\src\\system\\logger\\logger.service.ts": {"path":"C:\\Users\\cesar\\OneDrive\\Documentos\\Projetos\\dna\\nestjs\\src\\system\\logger\\logger.service.ts","statementMap":{"0":{"start":{"line":7,"column":0},"end":{"line":7,"column":86}},"1":{"start":{"line":8,"column":0},"end":{"line":8,"column":35}},"2":{"start":{"line":9,"column":0},"end":{"line":9,"column":58}},"3":{"start":{"line":10,"column":0},"end":{"line":10,"column":80}},"4":{"start":{"line":12,"column":25},"end":{"line":12,"column":125}},"5":{"start":{"line":12,"column":31},"end":{"line":12,"column":125}},"6":{"start":{"line":12,"column":59},"end":{"line":12,"column":125}},"7":{"start":{"line":14,"column":44},"end":{"line":16,"column":2}},"8":{"start":{"line":18,"column":47},"end":{"line":27,"column":2}},"9":{"start":{"line":29,"column":0},"end":{"line":32,"column":3}}},"fnMap":{"0":{"name":"(anonymous_0)","decl":{"start":{"line":12,"column":25},"end":{"line":12,"column":28}},"loc":{"start":{"line":12,"column":31},"end":{"line":12,"column":125}}},"1":{"name":"(anonymous_1)","decl":{"start":{"line":12,"column":31},"end":{"line":12,"column":32}},"loc":{"start":{"line":12,"column":59},"end":{"line":12,"column":125}}}},"branchMap":{},"s":{"0":0,"1":0,"2":0,"3":0,"4":0,"5":0,"6":0,"7":0,"8":0,"9":0},"f":{"0":0,"1":0},"b":{}}
,"C:\\Users\\cesar\\OneDrive\\Documentos\\Projetos\\dna\\nestjs\\src\\utils\\spec.utils.ts": {"path":"C:\\Users\\cesar\\OneDrive\\Documentos\\Projetos\\dna\\nestjs\\src\\utils\\spec.utils.ts","statementMap":{"0":{"start":{"line":1,"column":0},"end":{"line":1,"column":44}},"1":{"start":{"line":2,"column":0},"end":{"line":2,"column":54}},"2":{"start":{"line":5,"column":0},"end":{"line":25,"column":null}},"3":{"start":{"line":9,"column":4},"end":{"line":9,"column":36}},"4":{"start":{"line":13,"column":4},"end":{"line":13,"column":50}},"5":{"start":{"line":17,"column":4},"end":{"line":17,"column":36}},"6":{"start":{"line":19,"column":4},"end":{"line":19,"column":63}},"7":{"start":{"line":19,"column":25},"end":{"line":19,"column":63}},"8":{"start":{"line":23,"column":4},"end":{"line":23,"column":50}},"9":{"start":{"line":5,"column":13},"end":{"line":25,"column":null}},"10":{"start":{"line":5,"column":13},"end":{"line":5,"column":22}},"11":{"start":{"line":28,"column":2},"end":{"line":30,"column":15}},"12":{"start":{"line":27,"column":0},"end":{"line":27,"column":16}},"13":{"start":{"line":34,"column":2},"end":{"line":34,"column":44}},"14":{"start":{"line":34,"column":15},"end":{"line":34,"column":43}},"15":{"start":{"line":33,"column":0},"end":{"line":33,"column":16}},"16":{"start":{"line":38,"column":32},"end":{"line":40,"column":14}},"17":{"start":{"line":42,"column":20},"end":{"line":42,"column":52}},"18":{"start":{"line":44,"column":2},"end":{"line":44,"column":58}},"19":{"start":{"line":37,"column":0},"end":{"line":37,"column":7}}},"fnMap":{"0":{"name":"(anonymous_2)","decl":{"start":{"line":8,"column":2},"end":{"line":8,"column":null}},"loc":{"start":{"line":8,"column":2},"end":{"line":10,"column":3}}},"1":{"name":"(anonymous_3)","decl":{"start":{"line":12,"column":10},"end":{"line":12,"column":34}},"loc":{"start":{"line":12,"column":34},"end":{"line":14,"column":3}}},"2":{"name":"(anonymous_4)","decl":{"start":{"line":16,"column":9},"end":{"line":16,"column":37}},"loc":{"start":{"line":16,"column":62},"end":{"line":20,"column":3}}},"3":{"name":"(anonymous_5)","decl":{"start":{"line":22,"column":10},"end":{"line":22,"column":34}},"loc":{"start":{"line":22,"column":34},"end":{"line":24,"column":3}}},"4":{"name":"createTestingModule","decl":{"start":{"line":27,"column":16},"end":{"line":27,"column":35}},"loc":{"start":{"line":27,"column":55},"end":{"line":31,"column":1}}},"5":{"name":"createTestingModuleOnInnerFunction","decl":{"start":{"line":33,"column":16},"end":{"line":33,"column":50}},"loc":{"start":{"line":33,"column":70},"end":{"line":35,"column":1}}},"6":{"name":"(anonymous_8)","decl":{"start":{"line":34,"column":9},"end":{"line":34,"column":12}},"loc":{"start":{"line":34,"column":15},"end":{"line":34,"column":43}}},"7":{"name":"setSpecSystemEnviromentVariables","decl":{"start":{"line":37,"column":22},"end":{"line":37,"column":54}},"loc":{"start":{"line":37,"column":77},"end":{"line":45,"column":1}}}},"branchMap":{"0":{"loc":{"start":{"line":19,"column":4},"end":{"line":19,"column":63}},"type":"if","locations":[{"start":{"line":19,"column":4},"end":{"line":19,"column":63}}]},"1":{"loc":{"start":{"line":37,"column":55},"end":{"line":37,"column":77}},"type":"default-arg","locations":[{"start":{"line":37,"column":73},"end":{"line":37,"column":77}}]}},"s":{"0":2,"1":2,"2":2,"3":3,"4":3,"5":3,"6":3,"7":2,"8":3,"9":2,"10":2,"11":1,"12":2,"13":1,"14":1,"15":2,"16":3,"17":3,"18":3,"19":2},"f":{"0":3,"1":3,"2":3,"3":3,"4":1,"5":1,"6":1,"7":3},"b":{"0":[2],"1":[1]}}
}
