TN:
SF:src\app.module.ts
FNF:0
FNH:0
DA:1,0
DA:2,0
DA:3,0
DA:4,0
DA:5,0
DA:16,0
LF:6
LH:0
BRF:0
BRH:0
end_of_record
TN:
SF:src\main.ts
FN:6,bootstrap
FNF:1
FNH:0
FNDA:0,bootstrap
DA:1,0
DA:2,0
DA:3,0
DA:4,0
DA:7,0
DA:12,0
DA:14,0
DA:17,0
LF:8
LH:0
BRDA:14,0,0,0
BRDA:14,0,1,0
BRF:2
BRH:0
end_of_record
TN:
SF:src\cat\cat.controller.ts
FN:7,(anonymous_4)
FN:10,(anonymous_5)
FNF:2
FNH:2
FNDA:2,(anonymous_4)
FNDA:2,(anonymous_5)
DA:1,2
DA:2,2
DA:3,2
DA:6,2
DA:7,2
DA:10,2
DA:11,2
LF:7
LH:7
BRF:0
BRH:0
end_of_record
TN:
SF:src\cat\cat.mock.ts
FN:13,(anonymous_0)
FN:23,getFakeCat
FNF:2
FNH:2
FNDA:1,(anonymous_0)
FNDA:1,getFakeCat
DA:1,1
DA:13,1
DA:14,1
DA:24,1
LF:4
LH:4
BRF:0
BRH:0
end_of_record
TN:
SF:src\cat\cat.module.ts
FNF:0
FNH:0
DA:1,2
DA:2,2
DA:3,2
DA:4,2
DA:5,2
DA:12,2
LF:6
LH:6
BRF:0
BRH:0
end_of_record
TN:
SF:src\cat\cat.repository.ts
FN:6,(anonymous_2)
FN:8,(anonymous_3)
FNF:2
FNH:2
FNDA:2,(anonymous_2)
FNDA:2,(anonymous_3)
DA:1,2
DA:2,2
DA:5,2
DA:6,2
DA:9,2
LF:5
LH:5
BRF:0
BRH:0
end_of_record
TN:
SF:src\cat\cat.service.ts
FN:6,(anonymous_2)
FN:8,(anonymous_3)
FNF:2
FNH:2
FNDA:2,(anonymous_2)
FNDA:2,(anonymous_3)
DA:1,2
DA:2,2
DA:5,2
DA:6,2
DA:9,2
LF:5
LH:5
BRF:0
BRH:0
end_of_record
TN:
SF:src\system\system.module.ts
FNF:0
FNH:0
DA:1,2
DA:2,2
DA:8,2
LF:3
LH:3
BRF:0
BRH:0
end_of_record
TN:
SF:src\system\decorators\access-token.decorator.ts
FN:5,(anonymous_0)
FNF:1
FNH:0
FNDA:0,(anonymous_0)
DA:1,2
DA:2,2
DA:4,2
DA:6,0
DA:8,0
LF:5
LH:3
BRF:0
BRH:0
end_of_record
TN:
SF:src\system\directus\directus.exception.ts
FN:4,(anonymous_0)
FNF:1
FNH:1
FNDA:1,(anonymous_0)
DA:1,2
DA:3,2
DA:5,1
LF:3
LH:3
BRF:0
BRH:0
end_of_record
TN:
SF:src\system\directus\directus.mock.ts
FN:4,(anonymous_0)
FN:15,(anonymous_1)
FN:23,(anonymous_2)
FN:32,(anonymous_3)
FN:45,(anonymous_4)
FN:59,(anonymous_5)
FN:65,(anonymous_6)
FN:80,(anonymous_7)
FN:93,(anonymous_8)
FN:121,(anonymous_9)
FN:129,(anonymous_10)
FN:143,(anonymous_11)
FN:171,(anonymous_12)
FN:184,(anonymous_13)
FN:197,(anonymous_14)
FN:210,(anonymous_15)
FN:223,(anonymous_16)
FN:229,(anonymous_17)
FN:235,(anonymous_18)
FN:263,(anonymous_19)
FN:293,(anonymous_20)
FN:301,(anonymous_21)
FN:311,(anonymous_22)
FN:325,(anonymous_23)
FN:341,(anonymous_24)
FN:369,(anonymous_25)
FN:399,(anonymous_26)
FN:414,(anonymous_27)
FN:433,(anonymous_28)
FN:446,(anonymous_29)
FN:474,(anonymous_30)
FN:482,(anonymous_31)
FN:496,(anonymous_32)
FNF:33
FNH:2
FNDA:0,(anonymous_0)
FNDA:0,(anonymous_1)
FNDA:0,(anonymous_2)
FNDA:1,(anonymous_3)
FNDA:0,(anonymous_4)
FNDA:0,(anonymous_5)
FNDA:0,(anonymous_6)
FNDA:0,(anonymous_7)
FNDA:0,(anonymous_8)
FNDA:0,(anonymous_9)
FNDA:0,(anonymous_10)
FNDA:0,(anonymous_11)
FNDA:0,(anonymous_12)
FNDA:0,(anonymous_13)
FNDA:2,(anonymous_14)
FNDA:0,(anonymous_15)
FNDA:0,(anonymous_16)
FNDA:0,(anonymous_17)
FNDA:0,(anonymous_18)
FNDA:0,(anonymous_19)
FNDA:0,(anonymous_20)
FNDA:0,(anonymous_21)
FNDA:0,(anonymous_22)
FNDA:0,(anonymous_23)
FNDA:0,(anonymous_24)
FNDA:0,(anonymous_25)
FNDA:0,(anonymous_26)
FNDA:0,(anonymous_27)
FNDA:0,(anonymous_28)
FNDA:0,(anonymous_29)
FNDA:0,(anonymous_30)
FNDA:0,(anonymous_31)
FNDA:0,(anonymous_32)
DA:4,1
DA:5,0
DA:15,1
DA:16,0
DA:23,1
DA:24,0
DA:32,1
DA:33,1
DA:45,1
DA:46,0
DA:59,1
DA:60,0
DA:65,1
DA:66,0
DA:80,1
DA:81,0
DA:93,1
DA:94,0
DA:121,1
DA:122,0
DA:129,1
DA:130,0
DA:143,1
DA:144,0
DA:171,1
DA:172,0
DA:184,1
DA:185,0
DA:197,1
DA:198,2
DA:210,1
DA:211,0
DA:223,1
DA:224,0
DA:229,1
DA:230,0
DA:235,1
DA:236,0
DA:263,1
DA:264,0
DA:293,1
DA:294,0
DA:301,1
DA:302,0
DA:311,1
DA:312,0
DA:325,1
DA:326,0
DA:341,1
DA:342,0
DA:369,1
DA:370,0
DA:399,1
DA:400,0
DA:414,1
DA:415,0
DA:433,1
DA:434,0
DA:446,1
DA:447,0
DA:474,1
DA:475,0
DA:482,1
DA:483,0
DA:496,1
DA:497,0
LF:66
LH:35
BRDA:6,0,0,0
BRDA:6,0,1,0
BRDA:6,1,0,0
BRDA:6,1,1,0
BRDA:7,2,0,0
BRDA:7,2,1,0
BRDA:7,3,0,0
BRDA:7,3,1,0
BRDA:8,4,0,0
BRDA:8,4,1,0
BRDA:8,5,0,0
BRDA:8,5,1,0
BRDA:9,6,0,0
BRDA:9,6,1,0
BRDA:9,7,0,0
BRDA:9,7,1,0
BRDA:10,8,0,0
BRDA:10,8,1,0
BRDA:10,9,0,0
BRDA:10,9,1,0
BRDA:11,10,0,0
BRDA:11,10,1,0
BRDA:11,11,0,0
BRDA:11,11,1,0
BRDA:17,12,0,0
BRDA:17,12,1,0
BRDA:17,13,0,0
BRDA:17,13,1,0
BRDA:18,14,0,0
BRDA:18,14,1,0
BRDA:18,15,0,0
BRDA:18,15,1,0
BRDA:19,16,0,0
BRDA:19,16,1,0
BRDA:19,17,0,0
BRDA:19,17,1,0
BRDA:25,18,0,0
BRDA:25,18,1,0
BRDA:25,19,0,0
BRDA:25,19,1,0
BRDA:26,20,0,0
BRDA:26,20,1,0
BRDA:26,21,0,0
BRDA:26,21,1,0
BRDA:27,22,0,0
BRDA:27,22,1,0
BRDA:27,23,0,0
BRDA:27,23,1,0
BRDA:28,24,0,0
BRDA:28,24,1,0
BRDA:28,25,0,0
BRDA:28,25,1,0
BRDA:34,26,0,0
BRDA:34,26,1,1
BRDA:34,27,0,1
BRDA:34,27,1,1
BRDA:35,28,0,1
BRDA:35,28,1,0
BRDA:35,29,0,1
BRDA:35,29,1,1
BRDA:36,30,0,0
BRDA:36,30,1,1
BRDA:36,31,0,1
BRDA:36,31,1,1
BRDA:37,32,0,0
BRDA:37,32,1,1
BRDA:37,33,0,1
BRDA:37,33,1,1
BRDA:38,34,0,1
BRDA:38,34,1,0
BRDA:38,35,0,1
BRDA:38,35,1,1
BRDA:39,36,0,0
BRDA:39,36,1,1
BRDA:39,37,0,1
BRDA:39,37,1,1
BRDA:40,38,0,0
BRDA:40,38,1,1
BRDA:40,39,0,1
BRDA:40,39,1,1
BRDA:41,40,0,0
BRDA:41,40,1,1
BRDA:41,41,0,1
BRDA:41,41,1,1
BRDA:47,42,0,0
BRDA:47,42,1,0
BRDA:47,43,0,0
BRDA:47,43,1,0
BRDA:48,44,0,0
BRDA:48,44,1,0
BRDA:48,45,0,0
BRDA:48,45,1,0
BRDA:49,46,0,0
BRDA:49,46,1,0
BRDA:49,47,0,0
BRDA:49,47,1,0
BRDA:50,48,0,0
BRDA:50,48,1,0
BRDA:50,49,0,0
BRDA:50,49,1,0
BRDA:51,50,0,0
BRDA:51,50,1,0
BRDA:51,51,0,0
BRDA:51,51,1,0
BRDA:52,52,0,0
BRDA:52,52,1,0
BRDA:52,53,0,0
BRDA:52,53,1,0
BRDA:53,54,0,0
BRDA:53,54,1,0
BRDA:53,55,0,0
BRDA:53,55,1,0
BRDA:54,56,0,0
BRDA:54,56,1,0
BRDA:54,57,0,0
BRDA:54,57,1,0
BRDA:55,58,0,0
BRDA:55,58,1,0
BRDA:55,59,0,0
BRDA:55,59,1,0
BRDA:61,60,0,0
BRDA:61,60,1,0
BRDA:61,61,0,0
BRDA:61,61,1,0
BRDA:67,62,0,0
BRDA:67,62,1,0
BRDA:67,63,0,0
BRDA:67,63,1,0
BRDA:68,64,0,0
BRDA:68,64,1,0
BRDA:68,65,0,0
BRDA:68,65,1,0
BRDA:69,66,0,0
BRDA:69,66,1,0
BRDA:69,67,0,0
BRDA:69,67,1,0
BRDA:70,68,0,0
BRDA:70,68,1,0
BRDA:70,69,0,0
BRDA:70,69,1,0
BRDA:71,70,0,0
BRDA:71,70,1,0
BRDA:71,71,0,0
BRDA:71,71,1,0
BRDA:72,72,0,0
BRDA:72,72,1,0
BRDA:72,73,0,0
BRDA:72,73,1,0
BRDA:73,74,0,0
BRDA:73,74,1,0
BRDA:73,75,0,0
BRDA:73,75,1,0
BRDA:74,76,0,0
BRDA:74,76,1,0
BRDA:74,77,0,0
BRDA:74,77,1,0
BRDA:75,78,0,0
BRDA:75,78,1,0
BRDA:75,79,0,0
BRDA:75,79,1,0
BRDA:76,80,0,0
BRDA:76,80,1,0
BRDA:76,81,0,0
BRDA:76,81,1,0
BRDA:82,82,0,0
BRDA:82,82,1,0
BRDA:82,83,0,0
BRDA:82,83,1,0
BRDA:83,84,0,0
BRDA:83,84,1,0
BRDA:83,85,0,0
BRDA:83,85,1,0
BRDA:84,86,0,0
BRDA:84,86,1,0
BRDA:84,87,0,0
BRDA:84,87,1,0
BRDA:85,88,0,0
BRDA:85,88,1,0
BRDA:85,89,0,0
BRDA:85,89,1,0
BRDA:86,90,0,0
BRDA:86,90,1,0
BRDA:86,91,0,0
BRDA:86,91,1,0
BRDA:87,92,0,0
BRDA:87,92,1,0
BRDA:87,93,0,0
BRDA:87,93,1,0
BRDA:88,94,0,0
BRDA:88,94,1,0
BRDA:88,95,0,0
BRDA:88,95,1,0
BRDA:89,96,0,0
BRDA:89,96,1,0
BRDA:89,97,0,0
BRDA:89,97,1,0
BRDA:95,98,0,0
BRDA:95,98,1,0
BRDA:95,99,0,0
BRDA:95,99,1,0
BRDA:96,100,0,0
BRDA:96,100,1,0
BRDA:96,101,0,0
BRDA:96,101,1,0
BRDA:97,102,0,0
BRDA:97,102,1,0
BRDA:97,103,0,0
BRDA:97,103,1,0
BRDA:98,104,0,0
BRDA:98,104,1,0
BRDA:98,105,0,0
BRDA:98,105,1,0
BRDA:99,106,0,0
BRDA:99,106,1,0
BRDA:99,107,0,0
BRDA:99,107,1,0
BRDA:100,108,0,0
BRDA:100,108,1,0
BRDA:100,109,0,0
BRDA:100,109,1,0
BRDA:101,110,0,0
BRDA:101,110,1,0
BRDA:101,111,0,0
BRDA:101,111,1,0
BRDA:102,112,0,0
BRDA:102,112,1,0
BRDA:102,113,0,0
BRDA:102,113,1,0
BRDA:103,114,0,0
BRDA:103,114,1,0
BRDA:103,115,0,0
BRDA:103,115,1,0
BRDA:104,116,0,0
BRDA:104,116,1,0
BRDA:104,117,0,0
BRDA:104,117,1,0
BRDA:105,118,0,0
BRDA:105,118,1,0
BRDA:105,119,0,0
BRDA:105,119,1,0
BRDA:106,120,0,0
BRDA:106,120,1,0
BRDA:106,121,0,0
BRDA:106,121,1,0
BRDA:107,122,0,0
BRDA:107,122,1,0
BRDA:107,123,0,0
BRDA:107,123,1,0
BRDA:108,124,0,0
BRDA:108,124,1,0
BRDA:108,125,0,0
BRDA:108,125,1,0
BRDA:109,126,0,0
BRDA:109,126,1,0
BRDA:109,127,0,0
BRDA:109,127,1,0
BRDA:110,128,0,0
BRDA:110,128,1,0
BRDA:110,129,0,0
BRDA:110,129,1,0
BRDA:111,130,0,0
BRDA:111,130,1,0
BRDA:111,131,0,0
BRDA:111,131,1,0
BRDA:112,132,0,0
BRDA:112,132,1,0
BRDA:112,133,0,0
BRDA:112,133,1,0
BRDA:113,134,0,0
BRDA:113,134,1,0
BRDA:113,135,0,0
BRDA:113,135,1,0
BRDA:114,136,0,0
BRDA:114,136,1,0
BRDA:114,137,0,0
BRDA:114,137,1,0
BRDA:115,138,0,0
BRDA:115,138,1,0
BRDA:115,139,0,0
BRDA:115,139,1,0
BRDA:116,140,0,0
BRDA:116,140,1,0
BRDA:116,141,0,0
BRDA:116,141,1,0
BRDA:117,142,0,0
BRDA:117,142,1,0
BRDA:117,143,0,0
BRDA:117,143,1,0
BRDA:123,144,0,0
BRDA:123,144,1,0
BRDA:123,145,0,0
BRDA:123,145,1,0
BRDA:124,146,0,0
BRDA:124,146,1,0
BRDA:124,147,0,0
BRDA:124,147,1,0
BRDA:125,148,0,0
BRDA:125,148,1,0
BRDA:125,149,0,0
BRDA:125,149,1,0
BRDA:131,150,0,0
BRDA:131,150,1,0
BRDA:131,151,0,0
BRDA:131,151,1,0
BRDA:132,152,0,0
BRDA:132,152,1,0
BRDA:132,153,0,0
BRDA:132,153,1,0
BRDA:133,154,0,0
BRDA:133,154,1,0
BRDA:133,155,0,0
BRDA:133,155,1,0
BRDA:134,156,0,0
BRDA:134,156,1,0
BRDA:134,157,0,0
BRDA:134,157,1,0
BRDA:135,158,0,0
BRDA:135,158,1,0
BRDA:135,159,0,0
BRDA:135,159,1,0
BRDA:136,160,0,0
BRDA:136,160,1,0
BRDA:136,161,0,0
BRDA:136,161,1,0
BRDA:137,162,0,0
BRDA:137,162,1,0
BRDA:137,163,0,0
BRDA:137,163,1,0
BRDA:138,164,0,0
BRDA:138,164,1,0
BRDA:138,165,0,0
BRDA:138,165,1,0
BRDA:139,166,0,0
BRDA:139,166,1,0
BRDA:139,167,0,0
BRDA:139,167,1,0
BRDA:145,168,0,0
BRDA:145,168,1,0
BRDA:145,169,0,0
BRDA:145,169,1,0
BRDA:146,170,0,0
BRDA:146,170,1,0
BRDA:146,171,0,0
BRDA:146,171,1,0
BRDA:147,172,0,0
BRDA:147,172,1,0
BRDA:147,173,0,0
BRDA:147,173,1,0
BRDA:148,174,0,0
BRDA:148,174,1,0
BRDA:148,175,0,0
BRDA:148,175,1,0
BRDA:149,176,0,0
BRDA:149,176,1,0
BRDA:149,177,0,0
BRDA:149,177,1,0
BRDA:150,178,0,0
BRDA:150,178,1,0
BRDA:150,179,0,0
BRDA:150,179,1,0
BRDA:151,180,0,0
BRDA:151,180,1,0
BRDA:151,181,0,0
BRDA:151,181,1,0
BRDA:152,182,0,0
BRDA:152,182,1,0
BRDA:152,183,0,0
BRDA:152,183,1,0
BRDA:153,184,0,0
BRDA:153,184,1,0
BRDA:153,185,0,0
BRDA:153,185,1,0
BRDA:154,186,0,0
BRDA:154,186,1,0
BRDA:154,187,0,0
BRDA:154,187,1,0
BRDA:155,188,0,0
BRDA:155,188,1,0
BRDA:155,189,0,0
BRDA:155,189,1,0
BRDA:156,190,0,0
BRDA:156,190,1,0
BRDA:156,191,0,0
BRDA:156,191,1,0
BRDA:157,192,0,0
BRDA:157,192,1,0
BRDA:157,193,0,0
BRDA:157,193,1,0
BRDA:158,194,0,0
BRDA:158,194,1,0
BRDA:158,195,0,0
BRDA:158,195,1,0
BRDA:159,196,0,0
BRDA:159,196,1,0
BRDA:159,197,0,0
BRDA:159,197,1,0
BRDA:160,198,0,0
BRDA:160,198,1,0
BRDA:160,199,0,0
BRDA:160,199,1,0
BRDA:161,200,0,0
BRDA:161,200,1,0
BRDA:161,201,0,0
BRDA:161,201,1,0
BRDA:162,202,0,0
BRDA:162,202,1,0
BRDA:162,203,0,0
BRDA:162,203,1,0
BRDA:163,204,0,0
BRDA:163,204,1,0
BRDA:163,205,0,0
BRDA:163,205,1,0
BRDA:164,206,0,0
BRDA:164,206,1,0
BRDA:164,207,0,0
BRDA:164,207,1,0
BRDA:165,208,0,0
BRDA:165,208,1,0
BRDA:165,209,0,0
BRDA:165,209,1,0
BRDA:166,210,0,0
BRDA:166,210,1,0
BRDA:166,211,0,0
BRDA:166,211,1,0
BRDA:167,212,0,0
BRDA:167,212,1,0
BRDA:167,213,0,0
BRDA:167,213,1,0
BRDA:173,214,0,0
BRDA:173,214,1,0
BRDA:173,215,0,0
BRDA:173,215,1,0
BRDA:174,216,0,0
BRDA:174,216,1,0
BRDA:174,217,0,0
BRDA:174,217,1,0
BRDA:175,218,0,0
BRDA:175,218,1,0
BRDA:175,219,0,0
BRDA:175,219,1,0
BRDA:176,220,0,0
BRDA:176,220,1,0
BRDA:176,221,0,0
BRDA:176,221,1,0
BRDA:177,222,0,0
BRDA:177,222,1,0
BRDA:177,223,0,0
BRDA:177,223,1,0
BRDA:178,224,0,0
BRDA:178,224,1,0
BRDA:178,225,0,0
BRDA:178,225,1,0
BRDA:179,226,0,0
BRDA:179,226,1,0
BRDA:179,227,0,0
BRDA:179,227,1,0
BRDA:180,228,0,0
BRDA:180,228,1,0
BRDA:180,229,0,0
BRDA:180,229,1,0
BRDA:186,230,0,0
BRDA:186,230,1,0
BRDA:186,231,0,0
BRDA:186,231,1,0
BRDA:187,232,0,0
BRDA:187,232,1,0
BRDA:187,233,0,0
BRDA:187,233,1,0
BRDA:188,234,0,0
BRDA:188,234,1,0
BRDA:188,235,0,0
BRDA:188,235,1,0
BRDA:189,236,0,0
BRDA:189,236,1,0
BRDA:189,237,0,0
BRDA:189,237,1,0
BRDA:190,238,0,0
BRDA:190,238,1,0
BRDA:190,239,0,0
BRDA:190,239,1,0
BRDA:191,240,0,0
BRDA:191,240,1,0
BRDA:191,241,0,0
BRDA:191,241,1,0
BRDA:192,242,0,0
BRDA:192,242,1,0
BRDA:192,243,0,0
BRDA:192,243,1,0
BRDA:193,244,0,0
BRDA:193,244,1,0
BRDA:193,245,0,0
BRDA:193,245,1,0
BRDA:199,246,0,0
BRDA:199,246,1,2
BRDA:199,247,0,2
BRDA:199,247,1,0
BRDA:200,248,0,0
BRDA:200,248,1,2
BRDA:200,249,0,2
BRDA:200,249,1,0
BRDA:201,250,0,0
BRDA:201,250,1,2
BRDA:201,251,0,2
BRDA:201,251,1,0
BRDA:202,252,0,0
BRDA:202,252,1,2
BRDA:202,253,0,2
BRDA:202,253,1,0
BRDA:203,254,0,0
BRDA:203,254,1,2
BRDA:203,255,0,2
BRDA:203,255,1,0
BRDA:204,256,0,0
BRDA:204,256,1,2
BRDA:204,257,0,2
BRDA:204,257,1,0
BRDA:205,258,0,0
BRDA:205,258,1,2
BRDA:205,259,0,2
BRDA:205,259,1,0
BRDA:206,260,0,0
BRDA:206,260,1,2
BRDA:206,261,0,2
BRDA:206,261,1,0
BRDA:212,262,0,0
BRDA:212,262,1,0
BRDA:212,263,0,0
BRDA:212,263,1,0
BRDA:213,264,0,0
BRDA:213,264,1,0
BRDA:213,265,0,0
BRDA:213,265,1,0
BRDA:214,266,0,0
BRDA:214,266,1,0
BRDA:214,267,0,0
BRDA:214,267,1,0
BRDA:215,268,0,0
BRDA:215,268,1,0
BRDA:215,269,0,0
BRDA:215,269,1,0
BRDA:216,270,0,0
BRDA:216,270,1,0
BRDA:216,271,0,0
BRDA:216,271,1,0
BRDA:217,272,0,0
BRDA:217,272,1,0
BRDA:217,273,0,0
BRDA:217,273,1,0
BRDA:218,274,0,0
BRDA:218,274,1,0
BRDA:218,275,0,0
BRDA:218,275,1,0
BRDA:219,276,0,0
BRDA:219,276,1,0
BRDA:219,277,0,0
BRDA:219,277,1,0
BRDA:225,278,0,0
BRDA:225,278,1,0
BRDA:225,279,0,0
BRDA:225,279,1,0
BRDA:231,280,0,0
BRDA:231,280,1,0
BRDA:231,281,0,0
BRDA:231,281,1,0
BRDA:237,282,0,0
BRDA:237,282,1,0
BRDA:237,283,0,0
BRDA:237,283,1,0
BRDA:238,284,0,0
BRDA:238,284,1,0
BRDA:238,285,0,0
BRDA:238,285,1,0
BRDA:239,286,0,0
BRDA:239,286,1,0
BRDA:239,287,0,0
BRDA:239,287,1,0
BRDA:240,288,0,0
BRDA:240,288,1,0
BRDA:240,289,0,0
BRDA:240,289,1,0
BRDA:241,290,0,0
BRDA:241,290,1,0
BRDA:241,291,0,0
BRDA:241,291,1,0
BRDA:242,292,0,0
BRDA:242,292,1,0
BRDA:242,293,0,0
BRDA:242,293,1,0
BRDA:243,294,0,0
BRDA:243,294,1,0
BRDA:243,295,0,0
BRDA:243,295,1,0
BRDA:244,296,0,0
BRDA:244,296,1,0
BRDA:244,297,0,0
BRDA:244,297,1,0
BRDA:245,298,0,0
BRDA:245,298,1,0
BRDA:245,299,0,0
BRDA:245,299,1,0
BRDA:246,300,0,0
BRDA:246,300,1,0
BRDA:246,301,0,0
BRDA:246,301,1,0
BRDA:247,302,0,0
BRDA:247,302,1,0
BRDA:247,303,0,0
BRDA:247,303,1,0
BRDA:248,304,0,0
BRDA:248,304,1,0
BRDA:248,305,0,0
BRDA:248,305,1,0
BRDA:249,306,0,0
BRDA:249,306,1,0
BRDA:249,307,0,0
BRDA:249,307,1,0
BRDA:250,308,0,0
BRDA:250,308,1,0
BRDA:250,309,0,0
BRDA:250,309,1,0
BRDA:251,310,0,0
BRDA:251,310,1,0
BRDA:251,311,0,0
BRDA:251,311,1,0
BRDA:252,312,0,0
BRDA:252,312,1,0
BRDA:252,313,0,0
BRDA:252,313,1,0
BRDA:253,314,0,0
BRDA:253,314,1,0
BRDA:253,315,0,0
BRDA:253,315,1,0
BRDA:254,316,0,0
BRDA:254,316,1,0
BRDA:254,317,0,0
BRDA:254,317,1,0
BRDA:255,318,0,0
BRDA:255,318,1,0
BRDA:255,319,0,0
BRDA:255,319,1,0
BRDA:256,320,0,0
BRDA:256,320,1,0
BRDA:256,321,0,0
BRDA:256,321,1,0
BRDA:257,322,0,0
BRDA:257,322,1,0
BRDA:257,323,0,0
BRDA:257,323,1,0
BRDA:258,324,0,0
BRDA:258,324,1,0
BRDA:258,325,0,0
BRDA:258,325,1,0
BRDA:259,326,0,0
BRDA:259,326,1,0
BRDA:259,327,0,0
BRDA:259,327,1,0
BRDA:265,328,0,0
BRDA:265,328,1,0
BRDA:265,329,0,0
BRDA:265,329,1,0
BRDA:266,330,0,0
BRDA:266,330,1,0
BRDA:266,331,0,0
BRDA:266,331,1,0
BRDA:267,332,0,0
BRDA:267,332,1,0
BRDA:267,333,0,0
BRDA:267,333,1,0
BRDA:268,334,0,0
BRDA:268,334,1,0
BRDA:268,335,0,0
BRDA:268,335,1,0
BRDA:269,336,0,0
BRDA:269,336,1,0
BRDA:269,337,0,0
BRDA:269,337,1,0
BRDA:270,338,0,0
BRDA:270,338,1,0
BRDA:270,339,0,0
BRDA:270,339,1,0
BRDA:271,340,0,0
BRDA:271,340,1,0
BRDA:271,341,0,0
BRDA:271,341,1,0
BRDA:272,342,0,0
BRDA:272,342,1,0
BRDA:272,343,0,0
BRDA:272,343,1,0
BRDA:273,344,0,0
BRDA:273,344,1,0
BRDA:273,345,0,0
BRDA:273,345,1,0
BRDA:274,346,0,0
BRDA:274,346,1,0
BRDA:274,347,0,0
BRDA:274,347,1,0
BRDA:275,348,0,0
BRDA:275,348,1,0
BRDA:275,349,0,0
BRDA:275,349,1,0
BRDA:276,350,0,0
BRDA:276,350,1,0
BRDA:276,351,0,0
BRDA:276,351,1,0
BRDA:277,352,0,0
BRDA:277,352,1,0
BRDA:277,353,0,0
BRDA:277,353,1,0
BRDA:278,354,0,0
BRDA:278,354,1,0
BRDA:278,355,0,0
BRDA:278,355,1,0
BRDA:279,356,0,0
BRDA:279,356,1,0
BRDA:279,357,0,0
BRDA:279,357,1,0
BRDA:280,358,0,0
BRDA:280,358,1,0
BRDA:280,359,0,0
BRDA:280,359,1,0
BRDA:281,360,0,0
BRDA:281,360,1,0
BRDA:281,361,0,0
BRDA:281,361,1,0
BRDA:282,362,0,0
BRDA:282,362,1,0
BRDA:282,363,0,0
BRDA:282,363,1,0
BRDA:283,364,0,0
BRDA:283,364,1,0
BRDA:283,365,0,0
BRDA:283,365,1,0
BRDA:284,366,0,0
BRDA:284,366,1,0
BRDA:284,367,0,0
BRDA:284,367,1,0
BRDA:285,368,0,0
BRDA:285,368,1,0
BRDA:285,369,0,0
BRDA:285,369,1,0
BRDA:286,370,0,0
BRDA:286,370,1,0
BRDA:286,371,0,0
BRDA:286,371,1,0
BRDA:287,372,0,0
BRDA:287,372,1,0
BRDA:287,373,0,0
BRDA:287,373,1,0
BRDA:288,374,0,0
BRDA:288,374,1,0
BRDA:288,375,0,0
BRDA:288,375,1,0
BRDA:289,376,0,0
BRDA:289,376,1,0
BRDA:289,377,0,0
BRDA:289,377,1,0
BRDA:295,378,0,0
BRDA:295,378,1,0
BRDA:295,379,0,0
BRDA:295,379,1,0
BRDA:296,380,0,0
BRDA:296,380,1,0
BRDA:296,381,0,0
BRDA:296,381,1,0
BRDA:297,382,0,0
BRDA:297,382,1,0
BRDA:297,383,0,0
BRDA:297,383,1,0
BRDA:303,384,0,0
BRDA:303,384,1,0
BRDA:303,385,0,0
BRDA:303,385,1,0
BRDA:304,386,0,0
BRDA:304,386,1,0
BRDA:304,387,0,0
BRDA:304,387,1,0
BRDA:305,388,0,0
BRDA:305,388,1,0
BRDA:305,389,0,0
BRDA:305,389,1,0
BRDA:306,390,0,0
BRDA:306,390,1,0
BRDA:306,391,0,0
BRDA:306,391,1,0
BRDA:307,392,0,0
BRDA:307,392,1,0
BRDA:307,393,0,0
BRDA:307,393,1,0
BRDA:313,394,0,0
BRDA:313,394,1,0
BRDA:313,395,0,0
BRDA:313,395,1,0
BRDA:314,396,0,0
BRDA:314,396,1,0
BRDA:314,397,0,0
BRDA:314,397,1,0
BRDA:315,398,0,0
BRDA:315,398,1,0
BRDA:315,399,0,0
BRDA:315,399,1,0
BRDA:316,400,0,0
BRDA:316,400,1,0
BRDA:316,401,0,0
BRDA:316,401,1,0
BRDA:317,402,0,0
BRDA:317,402,1,0
BRDA:317,403,0,0
BRDA:317,403,1,0
BRDA:318,404,0,0
BRDA:318,404,1,0
BRDA:318,405,0,0
BRDA:318,405,1,0
BRDA:319,406,0,0
BRDA:319,406,1,0
BRDA:319,407,0,0
BRDA:319,407,1,0
BRDA:320,408,0,0
BRDA:320,408,1,0
BRDA:320,409,0,0
BRDA:320,409,1,0
BRDA:321,410,0,0
BRDA:321,410,1,0
BRDA:321,411,0,0
BRDA:321,411,1,0
BRDA:327,412,0,0
BRDA:327,412,1,0
BRDA:327,413,0,0
BRDA:327,413,1,0
BRDA:328,414,0,0
BRDA:328,414,1,0
BRDA:328,415,0,0
BRDA:328,415,1,0
BRDA:329,416,0,0
BRDA:329,416,1,0
BRDA:329,417,0,0
BRDA:329,417,1,0
BRDA:330,418,0,0
BRDA:330,418,1,0
BRDA:330,419,0,0
BRDA:330,419,1,0
BRDA:331,420,0,0
BRDA:331,420,1,0
BRDA:331,421,0,0
BRDA:331,421,1,0
BRDA:332,422,0,0
BRDA:332,422,1,0
BRDA:332,423,0,0
BRDA:332,423,1,0
BRDA:333,424,0,0
BRDA:333,424,1,0
BRDA:333,425,0,0
BRDA:333,425,1,0
BRDA:334,426,0,0
BRDA:334,426,1,0
BRDA:334,427,0,0
BRDA:334,427,1,0
BRDA:335,428,0,0
BRDA:335,428,1,0
BRDA:335,429,0,0
BRDA:335,429,1,0
BRDA:336,430,0,0
BRDA:336,430,1,0
BRDA:336,431,0,0
BRDA:336,431,1,0
BRDA:337,432,0,0
BRDA:337,432,1,0
BRDA:337,433,0,0
BRDA:337,433,1,0
BRDA:343,434,0,0
BRDA:343,434,1,0
BRDA:343,435,0,0
BRDA:343,435,1,0
BRDA:344,436,0,0
BRDA:344,436,1,0
BRDA:344,437,0,0
BRDA:344,437,1,0
BRDA:345,438,0,0
BRDA:345,438,1,0
BRDA:345,439,0,0
BRDA:345,439,1,0
BRDA:346,440,0,0
BRDA:346,440,1,0
BRDA:346,441,0,0
BRDA:346,441,1,0
BRDA:347,442,0,0
BRDA:347,442,1,0
BRDA:347,443,0,0
BRDA:347,443,1,0
BRDA:348,444,0,0
BRDA:348,444,1,0
BRDA:348,445,0,0
BRDA:348,445,1,0
BRDA:349,446,0,0
BRDA:349,446,1,0
BRDA:349,447,0,0
BRDA:349,447,1,0
BRDA:350,448,0,0
BRDA:350,448,1,0
BRDA:350,449,0,0
BRDA:350,449,1,0
BRDA:351,450,0,0
BRDA:351,450,1,0
BRDA:351,451,0,0
BRDA:351,451,1,0
BRDA:352,452,0,0
BRDA:352,452,1,0
BRDA:352,453,0,0
BRDA:352,453,1,0
BRDA:353,454,0,0
BRDA:353,454,1,0
BRDA:353,455,0,0
BRDA:353,455,1,0
BRDA:354,456,0,0
BRDA:354,456,1,0
BRDA:354,457,0,0
BRDA:354,457,1,0
BRDA:355,458,0,0
BRDA:355,458,1,0
BRDA:355,459,0,0
BRDA:355,459,1,0
BRDA:356,460,0,0
BRDA:356,460,1,0
BRDA:356,461,0,0
BRDA:356,461,1,0
BRDA:357,462,0,0
BRDA:357,462,1,0
BRDA:357,463,0,0
BRDA:357,463,1,0
BRDA:358,464,0,0
BRDA:358,464,1,0
BRDA:358,465,0,0
BRDA:358,465,1,0
BRDA:359,466,0,0
BRDA:359,466,1,0
BRDA:359,467,0,0
BRDA:359,467,1,0
BRDA:360,468,0,0
BRDA:360,468,1,0
BRDA:360,469,0,0
BRDA:360,469,1,0
BRDA:361,470,0,0
BRDA:361,470,1,0
BRDA:361,471,0,0
BRDA:361,471,1,0
BRDA:362,472,0,0
BRDA:362,472,1,0
BRDA:362,473,0,0
BRDA:362,473,1,0
BRDA:363,474,0,0
BRDA:363,474,1,0
BRDA:363,475,0,0
BRDA:363,475,1,0
BRDA:364,476,0,0
BRDA:364,476,1,0
BRDA:364,477,0,0
BRDA:364,477,1,0
BRDA:365,478,0,0
BRDA:365,478,1,0
BRDA:365,479,0,0
BRDA:365,479,1,0
BRDA:371,480,0,0
BRDA:371,480,1,0
BRDA:371,481,0,0
BRDA:371,481,1,0
BRDA:372,482,0,0
BRDA:372,482,1,0
BRDA:372,483,0,0
BRDA:372,483,1,0
BRDA:373,484,0,0
BRDA:373,484,1,0
BRDA:373,485,0,0
BRDA:373,485,1,0
BRDA:374,486,0,0
BRDA:374,486,1,0
BRDA:374,487,0,0
BRDA:374,487,1,0
BRDA:375,488,0,0
BRDA:375,488,1,0
BRDA:375,489,0,0
BRDA:375,489,1,0
BRDA:376,490,0,0
BRDA:376,490,1,0
BRDA:376,491,0,0
BRDA:376,491,1,0
BRDA:377,492,0,0
BRDA:377,492,1,0
BRDA:377,493,0,0
BRDA:377,493,1,0
BRDA:378,494,0,0
BRDA:378,494,1,0
BRDA:378,495,0,0
BRDA:378,495,1,0
BRDA:379,496,0,0
BRDA:379,496,1,0
BRDA:379,497,0,0
BRDA:379,497,1,0
BRDA:380,498,0,0
BRDA:380,498,1,0
BRDA:380,499,0,0
BRDA:380,499,1,0
BRDA:381,500,0,0
BRDA:381,500,1,0
BRDA:381,501,0,0
BRDA:381,501,1,0
BRDA:382,502,0,0
BRDA:382,502,1,0
BRDA:382,503,0,0
BRDA:382,503,1,0
BRDA:383,504,0,0
BRDA:383,504,1,0
BRDA:383,505,0,0
BRDA:383,505,1,0
BRDA:384,506,0,0
BRDA:384,506,1,0
BRDA:384,507,0,0
BRDA:384,507,1,0
BRDA:385,508,0,0
BRDA:385,508,1,0
BRDA:385,509,0,0
BRDA:385,509,1,0
BRDA:386,510,0,0
BRDA:386,510,1,0
BRDA:386,511,0,0
BRDA:386,511,1,0
BRDA:387,512,0,0
BRDA:387,512,1,0
BRDA:387,513,0,0
BRDA:387,513,1,0
BRDA:388,514,0,0
BRDA:388,514,1,0
BRDA:388,515,0,0
BRDA:388,515,1,0
BRDA:389,516,0,0
BRDA:389,516,1,0
BRDA:389,517,0,0
BRDA:389,517,1,0
BRDA:390,518,0,0
BRDA:390,518,1,0
BRDA:390,519,0,0
BRDA:390,519,1,0
BRDA:391,520,0,0
BRDA:391,520,1,0
BRDA:391,521,0,0
BRDA:391,521,1,0
BRDA:392,522,0,0
BRDA:392,522,1,0
BRDA:392,523,0,0
BRDA:392,523,1,0
BRDA:393,524,0,0
BRDA:393,524,1,0
BRDA:393,525,0,0
BRDA:393,525,1,0
BRDA:394,526,0,0
BRDA:394,526,1,0
BRDA:394,527,0,0
BRDA:394,527,1,0
BRDA:395,528,0,0
BRDA:395,528,1,0
BRDA:395,529,0,0
BRDA:395,529,1,0
BRDA:401,530,0,0
BRDA:401,530,1,0
BRDA:401,531,0,0
BRDA:401,531,1,0
BRDA:402,532,0,0
BRDA:402,532,1,0
BRDA:402,533,0,0
BRDA:402,533,1,0
BRDA:403,534,0,0
BRDA:403,534,1,0
BRDA:403,535,0,0
BRDA:403,535,1,0
BRDA:404,536,0,0
BRDA:404,536,1,0
BRDA:404,537,0,0
BRDA:404,537,1,0
BRDA:405,538,0,0
BRDA:405,538,1,0
BRDA:405,539,0,0
BRDA:405,539,1,0
BRDA:406,540,0,0
BRDA:406,540,1,0
BRDA:406,541,0,0
BRDA:406,541,1,0
BRDA:407,542,0,0
BRDA:407,542,1,0
BRDA:407,543,0,0
BRDA:407,543,1,0
BRDA:408,544,0,0
BRDA:408,544,1,0
BRDA:408,545,0,0
BRDA:408,545,1,0
BRDA:409,546,0,0
BRDA:409,546,1,0
BRDA:409,547,0,0
BRDA:409,547,1,0
BRDA:410,548,0,0
BRDA:410,548,1,0
BRDA:410,549,0,0
BRDA:410,549,1,0
BRDA:416,550,0,0
BRDA:416,550,1,0
BRDA:416,551,0,0
BRDA:416,551,1,0
BRDA:417,552,0,0
BRDA:417,552,1,0
BRDA:417,553,0,0
BRDA:417,553,1,0
BRDA:418,554,0,0
BRDA:418,554,1,0
BRDA:418,555,0,0
BRDA:418,555,1,0
BRDA:419,556,0,0
BRDA:419,556,1,0
BRDA:419,557,0,0
BRDA:419,557,1,0
BRDA:420,558,0,0
BRDA:420,558,1,0
BRDA:420,559,0,0
BRDA:420,559,1,0
BRDA:421,560,0,0
BRDA:421,560,1,0
BRDA:421,561,0,0
BRDA:421,561,1,0
BRDA:422,562,0,0
BRDA:422,562,1,0
BRDA:422,563,0,0
BRDA:422,563,1,0
BRDA:423,564,0,0
BRDA:423,564,1,0
BRDA:423,565,0,0
BRDA:423,565,1,0
BRDA:424,566,0,0
BRDA:424,566,1,0
BRDA:424,567,0,0
BRDA:424,567,1,0
BRDA:425,568,0,0
BRDA:425,568,1,0
BRDA:425,569,0,0
BRDA:425,569,1,0
BRDA:426,570,0,0
BRDA:426,570,1,0
BRDA:426,571,0,0
BRDA:426,571,1,0
BRDA:427,572,0,0
BRDA:427,572,1,0
BRDA:427,573,0,0
BRDA:427,573,1,0
BRDA:428,574,0,0
BRDA:428,574,1,0
BRDA:428,575,0,0
BRDA:428,575,1,0
BRDA:429,576,0,0
BRDA:429,576,1,0
BRDA:429,577,0,0
BRDA:429,577,1,0
BRDA:435,578,0,0
BRDA:435,578,1,0
BRDA:435,579,0,0
BRDA:435,579,1,0
BRDA:436,580,0,0
BRDA:436,580,1,0
BRDA:436,581,0,0
BRDA:436,581,1,0
BRDA:437,582,0,0
BRDA:437,582,1,0
BRDA:437,583,0,0
BRDA:437,583,1,0
BRDA:438,584,0,0
BRDA:438,584,1,0
BRDA:438,585,0,0
BRDA:438,585,1,0
BRDA:439,586,0,0
BRDA:439,586,1,0
BRDA:439,587,0,0
BRDA:439,587,1,0
BRDA:440,588,0,0
BRDA:440,588,1,0
BRDA:440,589,0,0
BRDA:440,589,1,0
BRDA:441,590,0,0
BRDA:441,590,1,0
BRDA:441,591,0,0
BRDA:441,591,1,0
BRDA:442,592,0,0
BRDA:442,592,1,0
BRDA:442,593,0,0
BRDA:442,593,1,0
BRDA:448,594,0,0
BRDA:448,594,1,0
BRDA:448,595,0,0
BRDA:448,595,1,0
BRDA:449,596,0,0
BRDA:449,596,1,0
BRDA:449,597,0,0
BRDA:449,597,1,0
BRDA:450,598,0,0
BRDA:450,598,1,0
BRDA:450,599,0,0
BRDA:450,599,1,0
BRDA:451,600,0,0
BRDA:451,600,1,0
BRDA:451,601,0,0
BRDA:451,601,1,0
BRDA:452,602,0,0
BRDA:452,602,1,0
BRDA:452,603,0,0
BRDA:452,603,1,0
BRDA:453,604,0,0
BRDA:453,604,1,0
BRDA:453,605,0,0
BRDA:453,605,1,0
BRDA:454,606,0,0
BRDA:454,606,1,0
BRDA:454,607,0,0
BRDA:454,607,1,0
BRDA:455,608,0,0
BRDA:455,608,1,0
BRDA:455,609,0,0
BRDA:455,609,1,0
BRDA:456,610,0,0
BRDA:456,610,1,0
BRDA:456,611,0,0
BRDA:456,611,1,0
BRDA:457,612,0,0
BRDA:457,612,1,0
BRDA:457,613,0,0
BRDA:457,613,1,0
BRDA:458,614,0,0
BRDA:458,614,1,0
BRDA:458,615,0,0
BRDA:458,615,1,0
BRDA:459,616,0,0
BRDA:459,616,1,0
BRDA:459,617,0,0
BRDA:459,617,1,0
BRDA:460,618,0,0
BRDA:460,618,1,0
BRDA:460,619,0,0
BRDA:460,619,1,0
BRDA:461,620,0,0
BRDA:461,620,1,0
BRDA:461,621,0,0
BRDA:461,621,1,0
BRDA:462,622,0,0
BRDA:462,622,1,0
BRDA:462,623,0,0
BRDA:462,623,1,0
BRDA:463,624,0,0
BRDA:463,624,1,0
BRDA:463,625,0,0
BRDA:463,625,1,0
BRDA:464,626,0,0
BRDA:464,626,1,0
BRDA:464,627,0,0
BRDA:464,627,1,0
BRDA:465,628,0,0
BRDA:465,628,1,0
BRDA:465,629,0,0
BRDA:465,629,1,0
BRDA:466,630,0,0
BRDA:466,630,1,0
BRDA:466,631,0,0
BRDA:466,631,1,0
BRDA:467,632,0,0
BRDA:467,632,1,0
BRDA:467,633,0,0
BRDA:467,633,1,0
BRDA:468,634,0,0
BRDA:468,634,1,0
BRDA:468,635,0,0
BRDA:468,635,1,0
BRDA:469,636,0,0
BRDA:469,636,1,0
BRDA:469,637,0,0
BRDA:469,637,1,0
BRDA:470,638,0,0
BRDA:470,638,1,0
BRDA:470,639,0,0
BRDA:470,639,1,0
BRDA:476,640,0,0
BRDA:476,640,1,0
BRDA:476,641,0,0
BRDA:476,641,1,0
BRDA:477,642,0,0
BRDA:477,642,1,0
BRDA:477,643,0,0
BRDA:477,643,1,0
BRDA:478,644,0,0
BRDA:478,644,1,0
BRDA:478,645,0,0
BRDA:478,645,1,0
BRDA:484,646,0,0
BRDA:484,646,1,0
BRDA:484,647,0,0
BRDA:484,647,1,0
BRDA:485,648,0,0
BRDA:485,648,1,0
BRDA:485,649,0,0
BRDA:485,649,1,0
BRDA:486,650,0,0
BRDA:486,650,1,0
BRDA:486,651,0,0
BRDA:486,651,1,0
BRDA:487,652,0,0
BRDA:487,652,1,0
BRDA:487,653,0,0
BRDA:487,653,1,0
BRDA:488,654,0,0
BRDA:488,654,1,0
BRDA:488,655,0,0
BRDA:488,655,1,0
BRDA:489,656,0,0
BRDA:489,656,1,0
BRDA:489,657,0,0
BRDA:489,657,1,0
BRDA:490,658,0,0
BRDA:490,658,1,0
BRDA:490,659,0,0
BRDA:490,659,1,0
BRDA:491,660,0,0
BRDA:491,660,1,0
BRDA:491,661,0,0
BRDA:491,661,1,0
BRDA:492,662,0,0
BRDA:492,662,1,0
BRDA:492,663,0,0
BRDA:492,663,1,0
BRDA:498,664,0,0
BRDA:498,664,1,0
BRDA:498,665,0,0
BRDA:498,665,1,0
BRDA:499,666,0,0
BRDA:499,666,1,0
BRDA:499,667,0,0
BRDA:499,667,1,0
BRDA:500,668,0,0
BRDA:500,668,1,0
BRDA:500,669,0,0
BRDA:500,669,1,0
BRDA:501,670,0,0
BRDA:501,670,1,0
BRDA:501,671,0,0
BRDA:501,671,1,0
BRDA:502,672,0,0
BRDA:502,672,1,0
BRDA:502,673,0,0
BRDA:502,673,1,0
BRDA:503,674,0,0
BRDA:503,674,1,0
BRDA:503,675,0,0
BRDA:503,675,1,0
BRDA:504,676,0,0
BRDA:504,676,1,0
BRDA:504,677,0,0
BRDA:504,677,1,0
BRDA:505,678,0,0
BRDA:505,678,1,0
BRDA:505,679,0,0
BRDA:505,679,1,0
BRDA:506,680,0,0
BRDA:506,680,1,0
BRDA:506,681,0,0
BRDA:506,681,1,0
BRDA:507,682,0,0
BRDA:507,682,1,0
BRDA:507,683,0,0
BRDA:507,683,1,0
BRDA:508,684,0,0
BRDA:508,684,1,0
BRDA:508,685,0,0
BRDA:508,685,1,0
BRDA:509,686,0,0
BRDA:509,686,1,0
BRDA:509,687,0,0
BRDA:509,687,1,0
BRDA:510,688,0,0
BRDA:510,688,1,0
BRDA:510,689,0,0
BRDA:510,689,1,0
BRDA:511,690,0,0
BRDA:511,690,1,0
BRDA:511,691,0,0
BRDA:511,691,1,0
BRDA:512,692,0,0
BRDA:512,692,1,0
BRDA:512,693,0,0
BRDA:512,693,1,0
BRDA:513,694,0,0
BRDA:513,694,1,0
BRDA:513,695,0,0
BRDA:513,695,1,0
BRDA:514,696,0,0
BRDA:514,696,1,0
BRDA:514,697,0,0
BRDA:514,697,1,0
BRDA:515,698,0,0
BRDA:515,698,1,0
BRDA:515,699,0,0
BRDA:515,699,1,0
BRDA:516,700,0,0
BRDA:516,700,1,0
BRDA:516,701,0,0
BRDA:516,701,1,0
BRDA:517,702,0,0
BRDA:517,702,1,0
BRDA:517,703,0,0
BRDA:517,703,1,0
BRDA:518,704,0,0
BRDA:518,704,1,0
BRDA:518,705,0,0
BRDA:518,705,1,0
BRDA:519,706,0,0
BRDA:519,706,1,0
BRDA:519,707,0,0
BRDA:519,707,1,0
BRDA:520,708,0,0
BRDA:520,708,1,0
BRDA:520,709,0,0
BRDA:520,709,1,0
BRF:1420
BRH:40
end_of_record
TN:
SF:src\system\directus\directus.sdk.ts
FN:673,(anonymous_0)
FN:675,getSdk
FN:677,(anonymous_2)
FN:678,(anonymous_3)
FNF:4
FNH:0
FNDA:0,(anonymous_0)
FNDA:0,getSdk
FNDA:0,(anonymous_2)
FNDA:0,(anonymous_3)
DA:4,2
DA:5,2
DA:661,2
DA:673,2
DA:674,2
DA:675,2
DA:676,0
DA:678,0
LF:8
LH:6
BRDA:675,0,0,0
BRF:1
BRH:0
end_of_record
TN:
SF:src\system\directus\directus.service.ts
FN:8,(anonymous_1)
FN:12,(anonymous_2)
FN:18,(anonymous_3)
FNF:3
FNH:3
FNDA:1,(anonymous_1)
FNDA:1,(anonymous_2)
FNDA:1,(anonymous_3)
DA:1,2
DA:2,2
DA:3,2
DA:4,2
DA:7,2
DA:9,1
DA:13,1
DA:15,0
DA:19,1
DA:21,1
DA:23,0
LF:11
LH:9
BRDA:21,0,0,1
BRF:1
BRH:1
end_of_record
TN:
SF:src\system\exception\exception.filter.ts
FN:13,(anonymous_2)
FN:17,(anonymous_3)
FN:27,(anonymous_4)
FN:31,(anonymous_5)
FN:35,(anonymous_6)
FN:49,(anonymous_7)
FN:57,(anonymous_8)
FNF:7
FNH:0
FNDA:0,(anonymous_2)
FNDA:0,(anonymous_3)
FNDA:0,(anonymous_4)
FNDA:0,(anonymous_5)
FNDA:0,(anonymous_6)
FNDA:0,(anonymous_7)
FNDA:0,(anonymous_8)
DA:1,0
DA:3,0
DA:10,0
DA:14,0
DA:18,0
DA:20,0
DA:21,0
DA:23,0
DA:28,0
DA:32,0
DA:36,0
DA:46,0
DA:50,0
DA:52,0
DA:58,0
LF:15
LH:0
BRDA:20,0,0,0
BRDA:20,0,1,0
BRF:2
BRH:0
end_of_record
TN:
SF:src\system\interceptors\response.interceptor.ts
FN:16,(anonymous_1)
FN:20,(anonymous_2)
FNF:2
FNH:0
FNDA:0,(anonymous_1)
FNDA:0,(anonymous_2)
DA:1,0
DA:10,0
DA:13,0
DA:20,0
LF:4
LH:0
BRF:0
BRH:0
end_of_record
TN:
SF:src\system\logger\logger.contants.ts
FNF:0
FNH:0
DA:1,0
DA:3,0
LF:2
LH:0
BRF:0
BRH:0
end_of_record
TN:
SF:src\system\logger\logger.service.ts
FN:12,(anonymous_0)
FN:12,(anonymous_1)
FNF:2
FNH:0
FNDA:0,(anonymous_0)
FNDA:0,(anonymous_1)
DA:7,0
DA:8,0
DA:9,0
DA:10,0
DA:12,0
DA:14,0
DA:18,0
DA:29,0
LF:8
LH:0
BRF:0
BRH:0
end_of_record
TN:
SF:src\utils\spec.utils.ts
FN:8,(anonymous_2)
FN:12,(anonymous_3)
FN:16,(anonymous_4)
FN:22,(anonymous_5)
FN:27,createTestingModule
FN:33,createTestingModuleOnInnerFunction
FN:34,(anonymous_8)
FN:37,setSpecSystemEnviromentVariables
FNF:8
FNH:8
FNDA:3,(anonymous_2)
FNDA:3,(anonymous_3)
FNDA:3,(anonymous_4)
FNDA:3,(anonymous_5)
FNDA:1,createTestingModule
FNDA:1,createTestingModuleOnInnerFunction
FNDA:1,(anonymous_8)
FNDA:3,setSpecSystemEnviromentVariables
DA:1,2
DA:2,2
DA:5,2
DA:9,3
DA:13,3
DA:17,3
DA:19,3
DA:23,3
DA:27,2
DA:28,1
DA:33,2
DA:34,1
DA:37,2
DA:38,3
DA:42,3
DA:44,3
LF:16
LH:16
BRDA:19,0,0,2
BRDA:37,1,0,1
BRF:2
BRH:2
end_of_record
