{"C:\\Users\\cesar\\OneDrive\\Documentos\\Projetos\\dna\\nestjs\\src\\app.module.ts": {"path":"C:\\Users\\cesar\\OneDrive\\Documentos\\Projetos\\dna\\nestjs\\src\\app.module.ts","statementMap":{"0":{"start":{"line":1,"column":0},"end":{"line":1,"column":40}},"1":{"start":{"line":2,"column":0},"end":{"line":2,"column":54}},"2":{"start":{"line":3,"column":0},"end":{"line":3,"column":45}},"3":{"start":{"line":4,"column":0},"end":{"line":4,"column":47}},"4":{"start":{"line":5,"column":0},"end":{"line":5,"column":81}},"5":{"start":{"line":16,"column":0},"end":{"line":16,"column":null}},"6":{"start":{"line":16,"column":13},"end":{"line":16,"column":null}},"7":{"start":{"line":16,"column":13},"end":{"line":16,"column":22}}},"fnMap":{},"branchMap":{},"s":{"0":0,"1":0,"2":0,"3":0,"4":0,"5":0,"6":0,"7":0},"f":{},"b":{}}
,"C:\\Users\\cesar\\OneDrive\\Documentos\\Projetos\\dna\\nestjs\\src\\main.ts": {"path":"C:\\Users\\cesar\\OneDrive\\Documentos\\Projetos\\dna\\nestjs\\src\\main.ts","statementMap":{"0":{"start":{"line":1,"column":0},"end":{"line":1,"column":43}},"1":{"start":{"line":2,"column":0},"end":{"line":2,"column":51}},"2":{"start":{"line":3,"column":0},"end":{"line":3,"column":41}},"3":{"start":{"line":4,"column":0},"end":{"line":4,"column":80}},"4":{"start":{"line":7,"column":14},"end":{"line":7,"column":61}},"5":{"start":{"line":12,"column":2},"end":{"line":12,"column":60}},"6":{"start":{"line":14,"column":2},"end":{"line":14,"column":45}},"7":{"start":{"line":17,"column":0},"end":{"line":17,"column":12}}},"fnMap":{"0":{"name":"bootstrap","decl":{"start":{"line":6,"column":15},"end":{"line":6,"column":24}},"loc":{"start":{"line":6,"column":24},"end":{"line":15,"column":1}}}},"branchMap":{"0":{"loc":{"start":{"line":14,"column":19},"end":{"line":14,"column":35}},"type":"binary-expr","locations":[{"start":{"line":14,"column":19},"end":{"line":14,"column":35}},{"start":{"line":14,"column":39},"end":{"line":14,"column":43}}]}},"s":{"0":0,"1":0,"2":0,"3":0,"4":0,"5":0,"6":0,"7":0},"f":{"0":0},"b":{"0":[0,0]}}
,"C:\\Users\\cesar\\OneDrive\\Documentos\\Projetos\\dna\\nestjs\\src\\cat\\cat.controller.ts": {"path":"C:\\Users\\cesar\\OneDrive\\Documentos\\Projetos\\dna\\nestjs\\src\\cat\\cat.controller.ts","statementMap":{"0":{"start":{"line":1,"column":0},"end":{"line":1,"column":49}},"1":{"start":{"line":2,"column":0},"end":{"line":2,"column":72}},"2":{"start":{"line":3,"column":0},"end":{"line":3,"column":43}},"3":{"start":{"line":6,"column":0},"end":{"line":13,"column":null}},"4":{"start":{"line":7,"column":22},"end":{"line":7,"column":34}},"5":{"start":{"line":11,"column":4},"end":{"line":11,"column":48}},"6":{"start":{"line":10,"column":2},"end":{"line":12,"column":null}},"7":{"start":{"line":6,"column":13},"end":{"line":13,"column":null}},"8":{"start":{"line":6,"column":13},"end":{"line":6,"column":26}}},"fnMap":{"0":{"name":"(anonymous_4)","decl":{"start":{"line":7,"column":2},"end":{"line":7,"column":22}},"loc":{"start":{"line":7,"column":44},"end":{"line":7,"column":49}}},"1":{"name":"(anonymous_5)","decl":{"start":{"line":10,"column":2},"end":{"line":10,"column":7}},"loc":{"start":{"line":10,"column":50},"end":{"line":12,"column":3}}}},"branchMap":{},"s":{"0":2,"1":2,"2":2,"3":2,"4":2,"5":2,"6":2,"7":2,"8":2},"f":{"0":2,"1":2},"b":{}}
,"C:\\Users\\cesar\\OneDrive\\Documentos\\Projetos\\dna\\nestjs\\src\\cat\\cat.mock.ts": {"path":"C:\\Users\\cesar\\OneDrive\\Documentos\\Projetos\\dna\\nestjs\\src\\cat\\cat.mock.ts","statementMap":{"0":{"start":{"line":1,"column":0},"end":{"line":1,"column":37}},"1":{"start":{"line":13,"column":59},"end":{"line":21,"column":1}},"2":{"start":{"line":14,"column":2},"end":{"line":20,"column":4}},"3":{"start":{"line":13,"column":13},"end":{"line":13,"column":59}},"4":{"start":{"line":24,"column":2},"end":{"line":24,"column":58}}},"fnMap":{"0":{"name":"(anonymous_0)","decl":{"start":{"line":13,"column":59},"end":{"line":13,"column":64}},"loc":{"start":{"line":13,"column":70},"end":{"line":21,"column":1}}},"1":{"name":"getFakeCat","decl":{"start":{"line":23,"column":9},"end":{"line":23,"column":19}},"loc":{"start":{"line":23,"column":19},"end":{"line":25,"column":1}}}},"branchMap":{},"s":{"0":1,"1":1,"2":1,"3":1,"4":1},"f":{"0":1,"1":1},"b":{}}
,"C:\\Users\\cesar\\OneDrive\\Documentos\\Projetos\\dna\\nestjs\\src\\cat\\cat.module.ts": {"path":"C:\\Users\\cesar\\OneDrive\\Documentos\\Projetos\\dna\\nestjs\\src\\cat\\cat.module.ts","statementMap":{"0":{"start":{"line":1,"column":0},"end":{"line":1,"column":40}},"1":{"start":{"line":2,"column":0},"end":{"line":2,"column":53}},"2":{"start":{"line":3,"column":0},"end":{"line":3,"column":49}},"3":{"start":{"line":4,"column":0},"end":{"line":4,"column":43}},"4":{"start":{"line":5,"column":0},"end":{"line":5,"column":49}},"5":{"start":{"line":12,"column":0},"end":{"line":12,"column":null}},"6":{"start":{"line":12,"column":13},"end":{"line":12,"column":null}},"7":{"start":{"line":12,"column":13},"end":{"line":12,"column":22}}},"fnMap":{},"branchMap":{},"s":{"0":2,"1":2,"2":2,"3":2,"4":2,"5":2,"6":2,"7":2},"f":{},"b":{}}
,"C:\\Users\\cesar\\OneDrive\\Documentos\\Projetos\\dna\\nestjs\\src\\cat\\cat.repository.ts": {"path":"C:\\Users\\cesar\\OneDrive\\Documentos\\Projetos\\dna\\nestjs\\src\\cat\\cat.repository.ts","statementMap":{"0":{"start":{"line":1,"column":0},"end":{"line":1,"column":44}},"1":{"start":{"line":2,"column":0},"end":{"line":2,"column":68}},"2":{"start":{"line":5,"column":0},"end":{"line":11,"column":null}},"3":{"start":{"line":6,"column":22},"end":{"line":6,"column":39}},"4":{"start":{"line":9,"column":4},"end":{"line":9,"column":83}},"5":{"start":{"line":5,"column":13},"end":{"line":11,"column":null}},"6":{"start":{"line":5,"column":13},"end":{"line":5,"column":26}}},"fnMap":{"0":{"name":"(anonymous_2)","decl":{"start":{"line":6,"column":2},"end":{"line":6,"column":22}},"loc":{"start":{"line":6,"column":54},"end":{"line":6,"column":59}}},"1":{"name":"(anonymous_3)","decl":{"start":{"line":8,"column":2},"end":{"line":8,"column":7}},"loc":{"start":{"line":8,"column":35},"end":{"line":10,"column":3}}}},"branchMap":{},"s":{"0":2,"1":2,"2":2,"3":2,"4":2,"5":2,"6":2},"f":{"0":2,"1":2},"b":{}}
,"C:\\Users\\cesar\\OneDrive\\Documentos\\Projetos\\dna\\nestjs\\src\\cat\\cat.service.ts": {"path":"C:\\Users\\cesar\\OneDrive\\Documentos\\Projetos\\dna\\nestjs\\src\\cat\\cat.service.ts","statementMap":{"0":{"start":{"line":1,"column":0},"end":{"line":1,"column":44}},"1":{"start":{"line":2,"column":0},"end":{"line":2,"column":49}},"2":{"start":{"line":5,"column":0},"end":{"line":11,"column":null}},"3":{"start":{"line":6,"column":22},"end":{"line":6,"column":37}},"4":{"start":{"line":9,"column":4},"end":{"line":9,"column":51}},"5":{"start":{"line":5,"column":13},"end":{"line":11,"column":null}},"6":{"start":{"line":5,"column":13},"end":{"line":5,"column":23}}},"fnMap":{"0":{"name":"(anonymous_2)","decl":{"start":{"line":6,"column":2},"end":{"line":6,"column":22}},"loc":{"start":{"line":6,"column":50},"end":{"line":6,"column":55}}},"1":{"name":"(anonymous_3)","decl":{"start":{"line":8,"column":2},"end":{"line":8,"column":7}},"loc":{"start":{"line":8,"column":35},"end":{"line":10,"column":3}}}},"branchMap":{},"s":{"0":2,"1":2,"2":2,"3":2,"4":2,"5":2,"6":2},"f":{"0":2,"1":2},"b":{}}
,"C:\\Users\\cesar\\OneDrive\\Documentos\\Projetos\\dna\\nestjs\\src\\system\\system.module.ts": {"path":"C:\\Users\\cesar\\OneDrive\\Documentos\\Projetos\\dna\\nestjs\\src\\system\\system.module.ts","statementMap":{"0":{"start":{"line":1,"column":0},"end":{"line":1,"column":40}},"1":{"start":{"line":2,"column":0},"end":{"line":2,"column":62}},"2":{"start":{"line":8,"column":0},"end":{"line":8,"column":null}},"3":{"start":{"line":8,"column":13},"end":{"line":8,"column":null}},"4":{"start":{"line":8,"column":13},"end":{"line":8,"column":25}}},"fnMap":{},"branchMap":{},"s":{"0":2,"1":2,"2":2,"3":2,"4":2},"f":{},"b":{}}
,"C:\\Users\\cesar\\OneDrive\\Documentos\\Projetos\\dna\\nestjs\\src\\system\\decorators\\access-token.decorator.ts": {"path":"C:\\Users\\cesar\\OneDrive\\Documentos\\Projetos\\dna\\nestjs\\src\\system\\decorators\\access-token.decorator.ts","statementMap":{"0":{"start":{"line":1,"column":0},"end":{"line":1,"column":72}},"1":{"start":{"line":2,"column":0},"end":{"line":2,"column":42}},"2":{"start":{"line":4,"column":13},"end":{"line":10,"column":2}},"3":{"start":{"line":6,"column":20},"end":{"line":6,"column":51}},"4":{"start":{"line":8,"column":4},"end":{"line":8,"column":61}}},"fnMap":{"0":{"name":"(anonymous_0)","decl":{"start":{"line":5,"column":2},"end":{"line":5,"column":3}},"loc":{"start":{"line":5,"column":43},"end":{"line":9,"column":3}}}},"branchMap":{},"s":{"0":2,"1":2,"2":2,"3":0,"4":0},"f":{"0":0},"b":{}}
,"C:\\Users\\cesar\\OneDrive\\Documentos\\Projetos\\dna\\nestjs\\src\\system\\directus\\directus.exception.ts": {"path":"C:\\Users\\cesar\\OneDrive\\Documentos\\Projetos\\dna\\nestjs\\src\\system\\directus\\directus.exception.ts","statementMap":{"0":{"start":{"line":1,"column":0},"end":{"line":1,"column":59}},"1":{"start":{"line":5,"column":4},"end":{"line":5,"column":91}},"2":{"start":{"line":3,"column":0},"end":{"line":3,"column":13}}},"fnMap":{"0":{"name":"(anonymous_0)","decl":{"start":{"line":4,"column":2},"end":{"line":4,"column":null}},"loc":{"start":{"line":4,"column":2},"end":{"line":6,"column":3}}}},"branchMap":{},"s":{"0":2,"1":1,"2":2},"f":{"0":1},"b":{}}
,"C:\\Users\\cesar\\OneDrive\\Documentos\\Projetos\\dna\\nestjs\\src\\system\\directus\\directus.service.ts": {"path":"C:\\Users\\cesar\\OneDrive\\Documentos\\Projetos\\dna\\nestjs\\src\\system\\directus\\directus.service.ts","statementMap":{"0":{"start":{"line":1,"column":0},"end":{"line":1,"column":44}},"1":{"start":{"line":2,"column":0},"end":{"line":2,"column":48}},"2":{"start":{"line":3,"column":0},"end":{"line":3,"column":38}},"3":{"start":{"line":4,"column":0},"end":{"line":4,"column":87}},"4":{"start":{"line":7,"column":0},"end":{"line":27,"column":null}},"5":{"start":{"line":9,"column":4},"end":{"line":9,"column":54}},"6":{"start":{"line":13,"column":28},"end":{"line":13,"column":57}},"7":{"start":{"line":15,"column":4},"end":{"line":15,"column":83}},"8":{"start":{"line":19,"column":28},"end":{"line":19,"column":39}},"9":{"start":{"line":21,"column":4},"end":{"line":21,"column":82}},"10":{"start":{"line":21,"column":22},"end":{"line":21,"column":82}},"11":{"start":{"line":23,"column":4},"end":{"line":25,"column":6}},"12":{"start":{"line":7,"column":13},"end":{"line":27,"column":null}},"13":{"start":{"line":7,"column":13},"end":{"line":7,"column":28}}},"fnMap":{"0":{"name":"(anonymous_1)","decl":{"start":{"line":8,"column":2},"end":{"line":8,"column":8}},"loc":{"start":{"line":8,"column":28},"end":{"line":10,"column":3}}},"1":{"name":"(anonymous_2)","decl":{"start":{"line":12,"column":10},"end":{"line":12,"column":26}},"loc":{"start":{"line":12,"column":46},"end":{"line":16,"column":3}}},"2":{"name":"(anonymous_3)","decl":{"start":{"line":18,"column":10},"end":{"line":18,"column":32}},"loc":{"start":{"line":18,"column":32},"end":{"line":26,"column":3}}}},"branchMap":{"0":{"loc":{"start":{"line":21,"column":4},"end":{"line":21,"column":82}},"type":"if","locations":[{"start":{"line":21,"column":4},"end":{"line":21,"column":82}},{"start":{"line":21,"column":4},"end":{"line":21,"column":82}}]}},"s":{"0":2,"1":2,"2":2,"3":2,"4":2,"5":1,"6":1,"7":0,"8":1,"9":1,"10":1,"11":0,"12":2,"13":2},"f":{"0":1,"1":1,"2":1},"b":{"0":[1,0]}}
,"C:\\Users\\cesar\\OneDrive\\Documentos\\Projetos\\dna\\nestjs\\src\\system\\exception\\exception.filter.ts": {"path":"C:\\Users\\cesar\\OneDrive\\Documentos\\Projetos\\dna\\nestjs\\src\\system\\exception\\exception.filter.ts","statementMap":{"0":{"start":{"line":1,"column":0},"end":{"line":1,"column":91}},"1":{"start":{"line":3,"column":0},"end":{"line":3,"column":46}},"2":{"start":{"line":10,"column":0},"end":{"line":60,"column":null}},"3":{"start":{"line":14,"column":4},"end":{"line":14,"column":31}},"4":{"start":{"line":18,"column":21},"end":{"line":18,"column":50}},"5":{"start":{"line":20,"column":4},"end":{"line":24,"column":null}},"6":{"start":{"line":21,"column":6},"end":{"line":21,"column":64}},"7":{"start":{"line":23,"column":6},"end":{"line":23,"column":63}},"8":{"start":{"line":28,"column":4},"end":{"line":28,"column":55}},"9":{"start":{"line":32,"column":4},"end":{"line":32,"column":59}},"10":{"start":{"line":36,"column":45},"end":{"line":44,"column":6}},"11":{"start":{"line":46,"column":4},"end":{"line":46,"column":60}},"12":{"start":{"line":50,"column":4},"end":{"line":50,"column":44}},"13":{"start":{"line":52,"column":4},"end":{"line":54,"column":7}},"14":{"start":{"line":58,"column":4},"end":{"line":58,"column":53}},"15":{"start":{"line":10,"column":21},"end":{"line":60,"column":null}},"16":{"start":{"line":10,"column":21},"end":{"line":10,"column":null}}},"fnMap":{"0":{"name":"(anonymous_2)","decl":{"start":{"line":13,"column":2},"end":{"line":13,"column":null}},"loc":{"start":{"line":13,"column":2},"end":{"line":15,"column":3}}},"1":{"name":"(anonymous_3)","decl":{"start":{"line":17,"column":2},"end":{"line":17,"column":7}},"loc":{"start":{"line":17,"column":47},"end":{"line":25,"column":3}}},"2":{"name":"(anonymous_4)","decl":{"start":{"line":27,"column":10},"end":{"line":27,"column":28}},"loc":{"start":{"line":27,"column":48},"end":{"line":29,"column":3}}},"3":{"name":"(anonymous_5)","decl":{"start":{"line":31,"column":10},"end":{"line":31,"column":41}},"loc":{"start":{"line":31,"column":106},"end":{"line":33,"column":3}}},"4":{"name":"(anonymous_6)","decl":{"start":{"line":35,"column":10},"end":{"line":35,"column":40}},"loc":{"start":{"line":35,"column":101},"end":{"line":47,"column":3}}},"5":{"name":"(anonymous_7)","decl":{"start":{"line":49,"column":10},"end":{"line":49,"column":33}},"loc":{"start":{"line":49,"column":115},"end":{"line":55,"column":3}}},"6":{"name":"(anonymous_8)","decl":{"start":{"line":57,"column":10},"end":{"line":57,"column":33}},"loc":{"start":{"line":57,"column":71},"end":{"line":59,"column":3}}}},"branchMap":{"0":{"loc":{"start":{"line":20,"column":4},"end":{"line":24,"column":null}},"type":"if","locations":[{"start":{"line":20,"column":4},"end":{"line":24,"column":null}},{"start":{"line":20,"column":4},"end":{"line":24,"column":null}}]}},"s":{"0":0,"1":0,"2":0,"3":0,"4":0,"5":0,"6":0,"7":0,"8":0,"9":0,"10":0,"11":0,"12":0,"13":0,"14":0,"15":0,"16":0},"f":{"0":0,"1":0,"2":0,"3":0,"4":0,"5":0,"6":0},"b":{"0":[0,0]}}
,"C:\\Users\\cesar\\OneDrive\\Documentos\\Projetos\\dna\\nestjs\\src\\system\\interceptors\\response.interceptor.ts": {"path":"C:\\Users\\cesar\\OneDrive\\Documentos\\Projetos\\dna\\nestjs\\src\\system\\interceptors\\response.interceptor.ts","statementMap":{"0":{"start":{"line":1,"column":0},"end":{"line":1,"column":null}},"1":{"start":{"line":10,"column":0},"end":{"line":10,"column":37}},"2":{"start":{"line":13,"column":0},"end":{"line":22,"column":null}},"3":{"start":{"line":20,"column":4},"end":{"line":20,"column":80}},"4":{"start":{"line":20,"column":45},"end":{"line":20,"column":76}},"5":{"start":{"line":13,"column":13},"end":{"line":22,"column":null}},"6":{"start":{"line":13,"column":13},"end":{"line":13,"column":32}}},"fnMap":{"0":{"name":"(anonymous_1)","decl":{"start":{"line":16,"column":2},"end":{"line":16,"column":11}},"loc":{"start":{"line":18,"column":21},"end":{"line":21,"column":3}}},"1":{"name":"(anonymous_2)","decl":{"start":{"line":20,"column":34},"end":{"line":20,"column":35}},"loc":{"start":{"line":20,"column":45},"end":{"line":20,"column":76}}}},"branchMap":{},"s":{"0":0,"1":0,"2":0,"3":0,"4":0,"5":0,"6":0},"f":{"0":0,"1":0},"b":{}}
,"C:\\Users\\cesar\\OneDrive\\Documentos\\Projetos\\dna\\nestjs\\src\\system\\logger\\logger.contants.ts": {"path":"C:\\Users\\cesar\\OneDrive\\Documentos\\Projetos\\dna\\nestjs\\src\\system\\logger\\logger.contants.ts","statementMap":{"0":{"start":{"line":1,"column":13},"end":{"line":1,"column":41}},"1":{"start":{"line":3,"column":13},"end":{"line":3,"column":58}}},"fnMap":{},"branchMap":{},"s":{"0":0,"1":0},"f":{},"b":{}}
,"C:\\Users\\cesar\\OneDrive\\Documentos\\Projetos\\dna\\nestjs\\src\\system\\logger\\logger.service.ts": {"path":"C:\\Users\\cesar\\OneDrive\\Documentos\\Projetos\\dna\\nestjs\\src\\system\\logger\\logger.service.ts","statementMap":{"0":{"start":{"line":7,"column":0},"end":{"line":7,"column":86}},"1":{"start":{"line":8,"column":0},"end":{"line":8,"column":35}},"2":{"start":{"line":9,"column":0},"end":{"line":9,"column":58}},"3":{"start":{"line":10,"column":0},"end":{"line":10,"column":80}},"4":{"start":{"line":12,"column":25},"end":{"line":12,"column":125}},"5":{"start":{"line":12,"column":31},"end":{"line":12,"column":125}},"6":{"start":{"line":12,"column":59},"end":{"line":12,"column":125}},"7":{"start":{"line":14,"column":44},"end":{"line":16,"column":2}},"8":{"start":{"line":18,"column":47},"end":{"line":27,"column":2}},"9":{"start":{"line":29,"column":0},"end":{"line":32,"column":3}}},"fnMap":{"0":{"name":"(anonymous_0)","decl":{"start":{"line":12,"column":25},"end":{"line":12,"column":28}},"loc":{"start":{"line":12,"column":31},"end":{"line":12,"column":125}}},"1":{"name":"(anonymous_1)","decl":{"start":{"line":12,"column":31},"end":{"line":12,"column":32}},"loc":{"start":{"line":12,"column":59},"end":{"line":12,"column":125}}}},"branchMap":{},"s":{"0":0,"1":0,"2":0,"3":0,"4":0,"5":0,"6":0,"7":0,"8":0,"9":0},"f":{"0":0,"1":0},"b":{}}
,"C:\\Users\\cesar\\OneDrive\\Documentos\\Projetos\\dna\\nestjs\\src\\utils\\spec.utils.ts": {"path":"C:\\Users\\cesar\\OneDrive\\Documentos\\Projetos\\dna\\nestjs\\src\\utils\\spec.utils.ts","statementMap":{"0":{"start":{"line":1,"column":0},"end":{"line":1,"column":44}},"1":{"start":{"line":2,"column":0},"end":{"line":2,"column":54}},"2":{"start":{"line":5,"column":0},"end":{"line":25,"column":null}},"3":{"start":{"line":9,"column":4},"end":{"line":9,"column":36}},"4":{"start":{"line":13,"column":4},"end":{"line":13,"column":50}},"5":{"start":{"line":17,"column":4},"end":{"line":17,"column":36}},"6":{"start":{"line":19,"column":4},"end":{"line":19,"column":63}},"7":{"start":{"line":19,"column":25},"end":{"line":19,"column":63}},"8":{"start":{"line":23,"column":4},"end":{"line":23,"column":50}},"9":{"start":{"line":5,"column":13},"end":{"line":25,"column":null}},"10":{"start":{"line":5,"column":13},"end":{"line":5,"column":22}},"11":{"start":{"line":28,"column":2},"end":{"line":30,"column":15}},"12":{"start":{"line":27,"column":0},"end":{"line":27,"column":16}},"13":{"start":{"line":34,"column":2},"end":{"line":34,"column":44}},"14":{"start":{"line":34,"column":15},"end":{"line":34,"column":43}},"15":{"start":{"line":33,"column":0},"end":{"line":33,"column":16}},"16":{"start":{"line":38,"column":32},"end":{"line":40,"column":14}},"17":{"start":{"line":42,"column":20},"end":{"line":42,"column":52}},"18":{"start":{"line":44,"column":2},"end":{"line":44,"column":58}},"19":{"start":{"line":37,"column":0},"end":{"line":37,"column":7}}},"fnMap":{"0":{"name":"(anonymous_2)","decl":{"start":{"line":8,"column":2},"end":{"line":8,"column":null}},"loc":{"start":{"line":8,"column":2},"end":{"line":10,"column":3}}},"1":{"name":"(anonymous_3)","decl":{"start":{"line":12,"column":10},"end":{"line":12,"column":34}},"loc":{"start":{"line":12,"column":34},"end":{"line":14,"column":3}}},"2":{"name":"(anonymous_4)","decl":{"start":{"line":16,"column":9},"end":{"line":16,"column":37}},"loc":{"start":{"line":16,"column":62},"end":{"line":20,"column":3}}},"3":{"name":"(anonymous_5)","decl":{"start":{"line":22,"column":10},"end":{"line":22,"column":34}},"loc":{"start":{"line":22,"column":34},"end":{"line":24,"column":3}}},"4":{"name":"createTestingModule","decl":{"start":{"line":27,"column":16},"end":{"line":27,"column":35}},"loc":{"start":{"line":27,"column":55},"end":{"line":31,"column":1}}},"5":{"name":"createTestingModuleOnInnerFunction","decl":{"start":{"line":33,"column":16},"end":{"line":33,"column":50}},"loc":{"start":{"line":33,"column":70},"end":{"line":35,"column":1}}},"6":{"name":"(anonymous_8)","decl":{"start":{"line":34,"column":9},"end":{"line":34,"column":12}},"loc":{"start":{"line":34,"column":15},"end":{"line":34,"column":43}}},"7":{"name":"setSpecSystemEnviromentVariables","decl":{"start":{"line":37,"column":22},"end":{"line":37,"column":54}},"loc":{"start":{"line":37,"column":77},"end":{"line":45,"column":1}}}},"branchMap":{"0":{"loc":{"start":{"line":19,"column":4},"end":{"line":19,"column":63}},"type":"if","locations":[{"start":{"line":19,"column":4},"end":{"line":19,"column":63}},{"start":{"line":19,"column":4},"end":{"line":19,"column":63}}]},"1":{"loc":{"start":{"line":37,"column":73},"end":{"line":37,"column":77}},"type":"default-arg","locations":[{"start":{"line":37,"column":73},"end":{"line":37,"column":77}}]}},"s":{"0":2,"1":2,"2":2,"3":3,"4":3,"5":3,"6":3,"7":2,"8":3,"9":2,"10":2,"11":1,"12":2,"13":1,"14":1,"15":2,"16":3,"17":3,"18":3,"19":2},"f":{"0":3,"1":3,"2":3,"3":3,"4":1,"5":1,"6":1,"7":3},"b":{"0":[2,1],"1":[1]}}
}
